Method received: GET
GET parameters:\nArray
(
    [id] => 12
)

Server variables:\nArray
(
    [MIBDIRS] => C:/xampp/php/extras/mibs
    [MYSQL_HOME] => \xampp\mysql\bin
    [OPENSSL_CONF] => C:/xampp/apache/bin/openssl.cnf
    [PHP_PEAR_SYSCONF_DIR] => \xampp\php
    [PHPRC] => \xampp\php
    [TMP] => \xampp\tmp
    [HTTP_HOST] => localhost
    [HTTP_CONNECTION] => keep-alive
    [HTTP_SEC_CH_UA_PLATFORM] => "Android"
    [HTTP_USER_AGENT] => Mozilla/5.0 (Linux; Android 6.0; Nexus 5 Build/MRA58N) AppleWebKit/537.36 (KHTML, like Gecko) Chrome/137.0.0.0 Mobile Safari/537.36
    [HTTP_SEC_CH_UA] => "Brave";v="137", "Chromium";v="137", "Not/A)Brand";v="24"
    [HTTP_SEC_CH_UA_MOBILE] => ?1
    [HTTP_ACCEPT] => */*
    [HTTP_SEC_GPC] => 1
    [HTTP_ACCEPT_LANGUAGE] => en-US,en;q=0.5
    [HTTP_SEC_FETCH_SITE] => same-origin
    [HTTP_SEC_FETCH_MODE] => cors
    [HTTP_SEC_FETCH_DEST] => empty
    [HTTP_REFERER] => http://localhost/Stash/RandomNoliktava.html?username=admin&password=admin123
    [HTTP_ACCEPT_ENCODING] => gzip, deflate, br, zstd
    [PATH] => C:\Program Files (x86)\Common Files\Oracle\Java\javapath;C:\ProgramData\Oracle\Java\javapath;C:\Windows\system32;C:\Windows;C:\Windows\System32\Wbem;C:\Windows\System32\WindowsPowerShell\v1.0\;C:\Windows\System32\OpenSSH\;C:\Program Files\dotnet\;C:\Program Files (x86)\NVIDIA Corporation\PhysX\Common;C:\Program Files\NVIDIA Corporation\NVIDIA NvDLISR;C:\Program Files\nodejs\;C:\Program Files\php-8.3.3;C:\ProgramData\ComposerSetup\bin;C:\Program Files\Git\cmd;c:\Users\edgar\AppData\Local\Programs\cursor\resources\app\bin;C:\Program Files\MySQL\MySQL Shell 8.0\bin\;C:\Users\edgar\AppData\Local\Programs\Python\Python39\Scripts\;C:\Users\edgar\AppData\Local\Programs\Python\Python39\;C:\Users\edgar\AppData\Local\Microsoft\WindowsApps;C:\Users\edgar\AppData\Local\Programs\Microsoft VS Code\bin;C:\Users\edgar\.dotnet\tools;C:\Users\edgar\AppData\Roaming\npm;C:\Users\edgar\AppData\Roaming\Composer\vendor\bin;C:\Users\edgar\AppData\Local\GitHubDesktop\bin;C:\Users\edgar\AppData\Local\Programs\cursor\resources\app\bin
    [SystemRoot] => C:\Windows
    [COMSPEC] => C:\Windows\system32\cmd.exe
    [PATHEXT] => .COM;.EXE;.BAT;.CMD;.VBS;.VBE;.JS;.JSE;.WSF;.WSH;.MSC
    [WINDIR] => C:\Windows
    [SERVER_SIGNATURE] => <address>Apache/2.4.58 (Win64) OpenSSL/3.1.3 PHP/8.2.12 Server at localhost Port 80</address>

    [SERVER_SOFTWARE] => Apache/2.4.58 (Win64) OpenSSL/3.1.3 PHP/8.2.12
    [SERVER_NAME] => localhost
    [SERVER_ADDR] => ::1
    [SERVER_PORT] => 80
    [REMOTE_ADDR] => ::1
    [DOCUMENT_ROOT] => C:/xampp/htdocs
    [REQUEST_SCHEME] => http
    [CONTEXT_PREFIX] => 
    [CONTEXT_DOCUMENT_ROOT] => C:/xampp/htdocs
    [SERVER_ADMIN] => postmaster@localhost
    [SCRIPT_FILENAME] => C:/xampp/htdocs/Stash/api/users.php
    [REMOTE_PORT] => 62238
    [GATEWAY_INTERFACE] => CGI/1.1
    [SERVER_PROTOCOL] => HTTP/1.1
    [REQUEST_METHOD] => GET
    [QUERY_STRING] => id=12
    [REQUEST_URI] => /Stash/api/users.php?id=12
    [SCRIPT_NAME] => /Stash/api/users.php
    [PHP_SELF] => /Stash/api/users.php
    [REQUEST_TIME_FLOAT] => 1749465306.3127
    [REQUEST_TIME] => 1749465306
)


Method received: GET
GET parameters:\nArray
(
    [id] => 12
)

Server variables:\nArray
(
    [MIBDIRS] => C:/xampp/php/extras/mibs
    [MYSQL_HOME] => \xampp\mysql\bin
    [OPENSSL_CONF] => C:/xampp/apache/bin/openssl.cnf
    [PHP_PEAR_SYSCONF_DIR] => \xampp\php
    [PHPRC] => \xampp\php
    [TMP] => \xampp\tmp
    [HTTP_HOST] => localhost
    [HTTP_CONNECTION] => keep-alive
    [HTTP_SEC_CH_UA_PLATFORM] => "Windows"
    [HTTP_USER_AGENT] => Mozilla/5.0 (Windows NT 10.0; Win64; x64) AppleWebKit/537.36 (KHTML, like Gecko) Chrome/137.0.0.0 Safari/537.36
    [HTTP_SEC_CH_UA] => "Brave";v="137", "Chromium";v="137", "Not/A)Brand";v="24"
    [HTTP_SEC_CH_UA_MOBILE] => ?0
    [HTTP_ACCEPT] => */*
    [HTTP_SEC_GPC] => 1
    [HTTP_ACCEPT_LANGUAGE] => en-US,en;q=0.5
    [HTTP_SEC_FETCH_SITE] => same-origin
    [HTTP_SEC_FETCH_MODE] => cors
    [HTTP_SEC_FETCH_DEST] => empty
    [HTTP_REFERER] => http://localhost/Stash/RandomNoliktava.html?username=admin&password=admin123
    [HTTP_ACCEPT_ENCODING] => gzip, deflate, br, zstd
    [PATH] => C:\Program Files (x86)\Common Files\Oracle\Java\javapath;C:\ProgramData\Oracle\Java\javapath;C:\Windows\system32;C:\Windows;C:\Windows\System32\Wbem;C:\Windows\System32\WindowsPowerShell\v1.0\;C:\Windows\System32\OpenSSH\;C:\Program Files\dotnet\;C:\Program Files (x86)\NVIDIA Corporation\PhysX\Common;C:\Program Files\NVIDIA Corporation\NVIDIA NvDLISR;C:\Program Files\nodejs\;C:\Program Files\php-8.3.3;C:\ProgramData\ComposerSetup\bin;C:\Program Files\Git\cmd;c:\Users\edgar\AppData\Local\Programs\cursor\resources\app\bin;C:\Program Files\MySQL\MySQL Shell 8.0\bin\;C:\Users\edgar\AppData\Local\Programs\Python\Python39\Scripts\;C:\Users\edgar\AppData\Local\Programs\Python\Python39\;C:\Users\edgar\AppData\Local\Microsoft\WindowsApps;C:\Users\edgar\AppData\Local\Programs\Microsoft VS Code\bin;C:\Users\edgar\.dotnet\tools;C:\Users\edgar\AppData\Roaming\npm;C:\Users\edgar\AppData\Roaming\Composer\vendor\bin;C:\Users\edgar\AppData\Local\GitHubDesktop\bin;C:\Users\edgar\AppData\Local\Programs\cursor\resources\app\bin
    [SystemRoot] => C:\Windows
    [COMSPEC] => C:\Windows\system32\cmd.exe
    [PATHEXT] => .COM;.EXE;.BAT;.CMD;.VBS;.VBE;.JS;.JSE;.WSF;.WSH;.MSC
    [WINDIR] => C:\Windows
    [SERVER_SIGNATURE] => <address>Apache/2.4.58 (Win64) OpenSSL/3.1.3 PHP/8.2.12 Server at localhost Port 80</address>

    [SERVER_SOFTWARE] => Apache/2.4.58 (Win64) OpenSSL/3.1.3 PHP/8.2.12
    [SERVER_NAME] => localhost
    [SERVER_ADDR] => ::1
    [SERVER_PORT] => 80
    [REMOTE_ADDR] => ::1
    [DOCUMENT_ROOT] => C:/xampp/htdocs
    [REQUEST_SCHEME] => http
    [CONTEXT_PREFIX] => 
    [CONTEXT_DOCUMENT_ROOT] => C:/xampp/htdocs
    [SERVER_ADMIN] => postmaster@localhost
    [SCRIPT_FILENAME] => C:/xampp/htdocs/Stash/api/users.php
    [REMOTE_PORT] => 62706
    [GATEWAY_INTERFACE] => CGI/1.1
    [SERVER_PROTOCOL] => HTTP/1.1
    [REQUEST_METHOD] => GET
    [QUERY_STRING] => id=12
    [REQUEST_URI] => /Stash/api/users.php?id=12
    [SCRIPT_NAME] => /Stash/api/users.php
    [PHP_SELF] => /Stash/api/users.php
    [REQUEST_TIME_FLOAT] => 1749466014.1335
    [REQUEST_TIME] => 1749466014
)


Method received: GET
GET parameters:\nArray
(
    [id] => 10
)

Server variables:\nArray
(
    [MIBDIRS] => C:/xampp/php/extras/mibs
    [MYSQL_HOME] => \xampp\mysql\bin
    [OPENSSL_CONF] => C:/xampp/apache/bin/openssl.cnf
    [PHP_PEAR_SYSCONF_DIR] => \xampp\php
    [PHPRC] => \xampp\php
    [TMP] => \xampp\tmp
    [HTTP_HOST] => localhost
    [HTTP_CONNECTION] => keep-alive
    [HTTP_SEC_CH_UA_PLATFORM] => "Windows"
    [HTTP_USER_AGENT] => Mozilla/5.0 (Windows NT 10.0; Win64; x64) AppleWebKit/537.36 (KHTML, like Gecko) Chrome/137.0.0.0 Safari/537.36
    [HTTP_SEC_CH_UA] => "Brave";v="137", "Chromium";v="137", "Not/A)Brand";v="24"
    [HTTP_SEC_CH_UA_MOBILE] => ?0
    [HTTP_ACCEPT] => */*
    [HTTP_SEC_GPC] => 1
    [HTTP_ACCEPT_LANGUAGE] => en-US,en;q=0.5
    [HTTP_SEC_FETCH_SITE] => same-origin
    [HTTP_SEC_FETCH_MODE] => cors
    [HTTP_SEC_FETCH_DEST] => empty
    [HTTP_REFERER] => http://localhost/Stash/RandomNoliktava.html?username=admin&password=admin123
    [HTTP_ACCEPT_ENCODING] => gzip, deflate, br, zstd
    [PATH] => C:\Program Files (x86)\Common Files\Oracle\Java\javapath;C:\ProgramData\Oracle\Java\javapath;C:\Windows\system32;C:\Windows;C:\Windows\System32\Wbem;C:\Windows\System32\WindowsPowerShell\v1.0\;C:\Windows\System32\OpenSSH\;C:\Program Files\dotnet\;C:\Program Files (x86)\NVIDIA Corporation\PhysX\Common;C:\Program Files\NVIDIA Corporation\NVIDIA NvDLISR;C:\Program Files\nodejs\;C:\Program Files\php-8.3.3;C:\ProgramData\ComposerSetup\bin;C:\Program Files\Git\cmd;c:\Users\edgar\AppData\Local\Programs\cursor\resources\app\bin;C:\Program Files\MySQL\MySQL Shell 8.0\bin\;C:\Users\edgar\AppData\Local\Programs\Python\Python39\Scripts\;C:\Users\edgar\AppData\Local\Programs\Python\Python39\;C:\Users\edgar\AppData\Local\Microsoft\WindowsApps;C:\Users\edgar\AppData\Local\Programs\Microsoft VS Code\bin;C:\Users\edgar\.dotnet\tools;C:\Users\edgar\AppData\Roaming\npm;C:\Users\edgar\AppData\Roaming\Composer\vendor\bin;C:\Users\edgar\AppData\Local\GitHubDesktop\bin;C:\Users\edgar\AppData\Local\Programs\cursor\resources\app\bin
    [SystemRoot] => C:\Windows
    [COMSPEC] => C:\Windows\system32\cmd.exe
    [PATHEXT] => .COM;.EXE;.BAT;.CMD;.VBS;.VBE;.JS;.JSE;.WSF;.WSH;.MSC
    [WINDIR] => C:\Windows
    [SERVER_SIGNATURE] => <address>Apache/2.4.58 (Win64) OpenSSL/3.1.3 PHP/8.2.12 Server at localhost Port 80</address>

    [SERVER_SOFTWARE] => Apache/2.4.58 (Win64) OpenSSL/3.1.3 PHP/8.2.12
    [SERVER_NAME] => localhost
    [SERVER_ADDR] => ::1
    [SERVER_PORT] => 80
    [REMOTE_ADDR] => ::1
    [DOCUMENT_ROOT] => C:/xampp/htdocs
    [REQUEST_SCHEME] => http
    [CONTEXT_PREFIX] => 
    [CONTEXT_DOCUMENT_ROOT] => C:/xampp/htdocs
    [SERVER_ADMIN] => postmaster@localhost
    [SCRIPT_FILENAME] => C:/xampp/htdocs/Stash/api/users.php
    [REMOTE_PORT] => 62718
    [GATEWAY_INTERFACE] => CGI/1.1
    [SERVER_PROTOCOL] => HTTP/1.1
    [REQUEST_METHOD] => GET
    [QUERY_STRING] => id=10
    [REQUEST_URI] => /Stash/api/users.php?id=10
    [SCRIPT_NAME] => /Stash/api/users.php
    [PHP_SELF] => /Stash/api/users.php
    [REQUEST_TIME_FLOAT] => 1749466023.6067
    [REQUEST_TIME] => 1749466023
)


Method received: GET
GET parameters:\nArray
(
    [id] => 11
)

Server variables:\nArray
(
    [MIBDIRS] => C:/xampp/php/extras/mibs
    [MYSQL_HOME] => \xampp\mysql\bin
    [OPENSSL_CONF] => C:/xampp/apache/bin/openssl.cnf
    [PHP_PEAR_SYSCONF_DIR] => \xampp\php
    [PHPRC] => \xampp\php
    [TMP] => \xampp\tmp
    [HTTP_HOST] => localhost
    [HTTP_CONNECTION] => keep-alive
    [HTTP_SEC_CH_UA_PLATFORM] => "Windows"
    [HTTP_USER_AGENT] => Mozilla/5.0 (Windows NT 10.0; Win64; x64) AppleWebKit/537.36 (KHTML, like Gecko) Chrome/137.0.0.0 Safari/537.36
    [HTTP_SEC_CH_UA] => "Brave";v="137", "Chromium";v="137", "Not/A)Brand";v="24"
    [HTTP_SEC_CH_UA_MOBILE] => ?0
    [HTTP_ACCEPT] => */*
    [HTTP_SEC_GPC] => 1
    [HTTP_ACCEPT_LANGUAGE] => en-US,en;q=0.5
    [HTTP_SEC_FETCH_SITE] => same-origin
    [HTTP_SEC_FETCH_MODE] => cors
    [HTTP_SEC_FETCH_DEST] => empty
    [HTTP_REFERER] => http://localhost/Stash/RandomNoliktava.html?username=admin&password=admin123
    [HTTP_ACCEPT_ENCODING] => gzip, deflate, br, zstd
    [PATH] => C:\Program Files (x86)\Common Files\Oracle\Java\javapath;C:\ProgramData\Oracle\Java\javapath;C:\Windows\system32;C:\Windows;C:\Windows\System32\Wbem;C:\Windows\System32\WindowsPowerShell\v1.0\;C:\Windows\System32\OpenSSH\;C:\Program Files\dotnet\;C:\Program Files (x86)\NVIDIA Corporation\PhysX\Common;C:\Program Files\NVIDIA Corporation\NVIDIA NvDLISR;C:\Program Files\nodejs\;C:\Program Files\php-8.3.3;C:\ProgramData\ComposerSetup\bin;C:\Program Files\Git\cmd;c:\Users\edgar\AppData\Local\Programs\cursor\resources\app\bin;C:\Program Files\MySQL\MySQL Shell 8.0\bin\;C:\Users\edgar\AppData\Local\Programs\Python\Python39\Scripts\;C:\Users\edgar\AppData\Local\Programs\Python\Python39\;C:\Users\edgar\AppData\Local\Microsoft\WindowsApps;C:\Users\edgar\AppData\Local\Programs\Microsoft VS Code\bin;C:\Users\edgar\.dotnet\tools;C:\Users\edgar\AppData\Roaming\npm;C:\Users\edgar\AppData\Roaming\Composer\vendor\bin;C:\Users\edgar\AppData\Local\GitHubDesktop\bin;C:\Users\edgar\AppData\Local\Programs\cursor\resources\app\bin
    [SystemRoot] => C:\Windows
    [COMSPEC] => C:\Windows\system32\cmd.exe
    [PATHEXT] => .COM;.EXE;.BAT;.CMD;.VBS;.VBE;.JS;.JSE;.WSF;.WSH;.MSC
    [WINDIR] => C:\Windows
    [SERVER_SIGNATURE] => <address>Apache/2.4.58 (Win64) OpenSSL/3.1.3 PHP/8.2.12 Server at localhost Port 80</address>

    [SERVER_SOFTWARE] => Apache/2.4.58 (Win64) OpenSSL/3.1.3 PHP/8.2.12
    [SERVER_NAME] => localhost
    [SERVER_ADDR] => ::1
    [SERVER_PORT] => 80
    [REMOTE_ADDR] => ::1
    [DOCUMENT_ROOT] => C:/xampp/htdocs
    [REQUEST_SCHEME] => http
    [CONTEXT_PREFIX] => 
    [CONTEXT_DOCUMENT_ROOT] => C:/xampp/htdocs
    [SERVER_ADMIN] => postmaster@localhost
    [SCRIPT_FILENAME] => C:/xampp/htdocs/Stash/api/users.php
    [REMOTE_PORT] => 63277
    [GATEWAY_INTERFACE] => CGI/1.1
    [SERVER_PROTOCOL] => HTTP/1.1
    [REQUEST_METHOD] => GET
    [QUERY_STRING] => id=11
    [REQUEST_URI] => /Stash/api/users.php?id=11
    [SCRIPT_NAME] => /Stash/api/users.php
    [PHP_SELF] => /Stash/api/users.php
    [REQUEST_TIME_FLOAT] => 1749466642.486
    [REQUEST_TIME] => 1749466642
)


Method received: GET
GET parameters:\nArray
(
    [id] => 11
)

Server variables:\nArray
(
    [MIBDIRS] => C:/xampp/php/extras/mibs
    [MYSQL_HOME] => \xampp\mysql\bin
    [OPENSSL_CONF] => C:/xampp/apache/bin/openssl.cnf
    [PHP_PEAR_SYSCONF_DIR] => \xampp\php
    [PHPRC] => \xampp\php
    [TMP] => \xampp\tmp
    [HTTP_HOST] => localhost
    [HTTP_CONNECTION] => keep-alive
    [HTTP_SEC_CH_UA_PLATFORM] => "Windows"
    [HTTP_USER_AGENT] => Mozilla/5.0 (Windows NT 10.0; Win64; x64) AppleWebKit/537.36 (KHTML, like Gecko) Chrome/137.0.0.0 Safari/537.36
    [HTTP_SEC_CH_UA] => "Brave";v="137", "Chromium";v="137", "Not/A)Brand";v="24"
    [HTTP_SEC_CH_UA_MOBILE] => ?0
    [HTTP_ACCEPT] => */*
    [HTTP_SEC_GPC] => 1
    [HTTP_ACCEPT_LANGUAGE] => en-US,en;q=0.5
    [HTTP_SEC_FETCH_SITE] => same-origin
    [HTTP_SEC_FETCH_MODE] => cors
    [HTTP_SEC_FETCH_DEST] => empty
    [HTTP_REFERER] => http://localhost/Stash/RandomNoliktava.html?username=admin&password=admin123
    [HTTP_ACCEPT_ENCODING] => gzip, deflate, br, zstd
    [PATH] => C:\Program Files (x86)\Common Files\Oracle\Java\javapath;C:\ProgramData\Oracle\Java\javapath;C:\Windows\system32;C:\Windows;C:\Windows\System32\Wbem;C:\Windows\System32\WindowsPowerShell\v1.0\;C:\Windows\System32\OpenSSH\;C:\Program Files\dotnet\;C:\Program Files (x86)\NVIDIA Corporation\PhysX\Common;C:\Program Files\NVIDIA Corporation\NVIDIA NvDLISR;C:\Program Files\nodejs\;C:\Program Files\php-8.3.3;C:\ProgramData\ComposerSetup\bin;C:\Program Files\Git\cmd;c:\Users\edgar\AppData\Local\Programs\cursor\resources\app\bin;C:\Program Files\MySQL\MySQL Shell 8.0\bin\;C:\Users\edgar\AppData\Local\Programs\Python\Python39\Scripts\;C:\Users\edgar\AppData\Local\Programs\Python\Python39\;C:\Users\edgar\AppData\Local\Microsoft\WindowsApps;C:\Users\edgar\AppData\Local\Programs\Microsoft VS Code\bin;C:\Users\edgar\.dotnet\tools;C:\Users\edgar\AppData\Roaming\npm;C:\Users\edgar\AppData\Roaming\Composer\vendor\bin;C:\Users\edgar\AppData\Local\GitHubDesktop\bin;C:\Users\edgar\AppData\Local\Programs\cursor\resources\app\bin
    [SystemRoot] => C:\Windows
    [COMSPEC] => C:\Windows\system32\cmd.exe
    [PATHEXT] => .COM;.EXE;.BAT;.CMD;.VBS;.VBE;.JS;.JSE;.WSF;.WSH;.MSC
    [WINDIR] => C:\Windows
    [SERVER_SIGNATURE] => <address>Apache/2.4.58 (Win64) OpenSSL/3.1.3 PHP/8.2.12 Server at localhost Port 80</address>

    [SERVER_SOFTWARE] => Apache/2.4.58 (Win64) OpenSSL/3.1.3 PHP/8.2.12
    [SERVER_NAME] => localhost
    [SERVER_ADDR] => ::1
    [SERVER_PORT] => 80
    [REMOTE_ADDR] => ::1
    [DOCUMENT_ROOT] => C:/xampp/htdocs
    [REQUEST_SCHEME] => http
    [CONTEXT_PREFIX] => 
    [CONTEXT_DOCUMENT_ROOT] => C:/xampp/htdocs
    [SERVER_ADMIN] => postmaster@localhost
    [SCRIPT_FILENAME] => C:/xampp/htdocs/Stash/api/users.php
    [REMOTE_PORT] => 63285
    [GATEWAY_INTERFACE] => CGI/1.1
    [SERVER_PROTOCOL] => HTTP/1.1
    [REQUEST_METHOD] => GET
    [QUERY_STRING] => id=11
    [REQUEST_URI] => /Stash/api/users.php?id=11
    [SCRIPT_NAME] => /Stash/api/users.php
    [PHP_SELF] => /Stash/api/users.php
    [REQUEST_TIME_FLOAT] => 1749466655.0631
    [REQUEST_TIME] => 1749466655
)


Method received: GET
GET parameters:\nArray
(
    [id] => 11
)

Server variables:\nArray
(
    [MIBDIRS] => C:/xampp/php/extras/mibs
    [MYSQL_HOME] => \xampp\mysql\bin
    [OPENSSL_CONF] => C:/xampp/apache/bin/openssl.cnf
    [PHP_PEAR_SYSCONF_DIR] => \xampp\php
    [PHPRC] => \xampp\php
    [TMP] => \xampp\tmp
    [HTTP_HOST] => localhost
    [HTTP_CONNECTION] => keep-alive
    [HTTP_SEC_CH_UA_PLATFORM] => "Android"
    [HTTP_USER_AGENT] => Mozilla/5.0 (Linux; Android 6.0; Nexus 5 Build/MRA58N) AppleWebKit/537.36 (KHTML, like Gecko) Chrome/137.0.0.0 Mobile Safari/537.36
    [HTTP_SEC_CH_UA] => "Brave";v="137", "Chromium";v="137", "Not/A)Brand";v="24"
    [HTTP_SEC_CH_UA_MOBILE] => ?1
    [HTTP_ACCEPT] => */*
    [HTTP_SEC_GPC] => 1
    [HTTP_ACCEPT_LANGUAGE] => en-US,en;q=0.5
    [HTTP_SEC_FETCH_SITE] => same-origin
    [HTTP_SEC_FETCH_MODE] => cors
    [HTTP_SEC_FETCH_DEST] => empty
    [HTTP_REFERER] => http://localhost/Stash/RandomNoliktava.html?username=admin&password=admin123
    [HTTP_ACCEPT_ENCODING] => gzip, deflate, br, zstd
    [PATH] => C:\Program Files (x86)\Common Files\Oracle\Java\javapath;C:\ProgramData\Oracle\Java\javapath;C:\Windows\system32;C:\Windows;C:\Windows\System32\Wbem;C:\Windows\System32\WindowsPowerShell\v1.0\;C:\Windows\System32\OpenSSH\;C:\Program Files\dotnet\;C:\Program Files (x86)\NVIDIA Corporation\PhysX\Common;C:\Program Files\NVIDIA Corporation\NVIDIA NvDLISR;C:\Program Files\nodejs\;C:\Program Files\php-8.3.3;C:\ProgramData\ComposerSetup\bin;C:\Program Files\Git\cmd;c:\Users\edgar\AppData\Local\Programs\cursor\resources\app\bin;C:\Program Files\MySQL\MySQL Shell 8.0\bin\;C:\Users\edgar\AppData\Local\Programs\Python\Python39\Scripts\;C:\Users\edgar\AppData\Local\Programs\Python\Python39\;C:\Users\edgar\AppData\Local\Microsoft\WindowsApps;C:\Users\edgar\AppData\Local\Programs\Microsoft VS Code\bin;C:\Users\edgar\.dotnet\tools;C:\Users\edgar\AppData\Roaming\npm;C:\Users\edgar\AppData\Roaming\Composer\vendor\bin;C:\Users\edgar\AppData\Local\GitHubDesktop\bin;C:\Users\edgar\AppData\Local\Programs\cursor\resources\app\bin
    [SystemRoot] => C:\Windows
    [COMSPEC] => C:\Windows\system32\cmd.exe
    [PATHEXT] => .COM;.EXE;.BAT;.CMD;.VBS;.VBE;.JS;.JSE;.WSF;.WSH;.MSC
    [WINDIR] => C:\Windows
    [SERVER_SIGNATURE] => <address>Apache/2.4.58 (Win64) OpenSSL/3.1.3 PHP/8.2.12 Server at localhost Port 80</address>

    [SERVER_SOFTWARE] => Apache/2.4.58 (Win64) OpenSSL/3.1.3 PHP/8.2.12
    [SERVER_NAME] => localhost
    [SERVER_ADDR] => ::1
    [SERVER_PORT] => 80
    [REMOTE_ADDR] => ::1
    [DOCUMENT_ROOT] => C:/xampp/htdocs
    [REQUEST_SCHEME] => http
    [CONTEXT_PREFIX] => 
    [CONTEXT_DOCUMENT_ROOT] => C:/xampp/htdocs
    [SERVER_ADMIN] => postmaster@localhost
    [SCRIPT_FILENAME] => C:/xampp/htdocs/Stash/api/users.php
    [REMOTE_PORT] => 63353
    [GATEWAY_INTERFACE] => CGI/1.1
    [SERVER_PROTOCOL] => HTTP/1.1
    [REQUEST_METHOD] => GET
    [QUERY_STRING] => id=11
    [REQUEST_URI] => /Stash/api/users.php?id=11
    [SCRIPT_NAME] => /Stash/api/users.php
    [PHP_SELF] => /Stash/api/users.php
    [REQUEST_TIME_FLOAT] => 1749466727.1365
    [REQUEST_TIME] => 1749466727
)


Method received: GET
GET parameters:\nArray
(
    [id] => 11
)

Server variables:\nArray
(
    [MIBDIRS] => C:/xampp/php/extras/mibs
    [MYSQL_HOME] => \xampp\mysql\bin
    [OPENSSL_CONF] => C:/xampp/apache/bin/openssl.cnf
    [PHP_PEAR_SYSCONF_DIR] => \xampp\php
    [PHPRC] => \xampp\php
    [TMP] => \xampp\tmp
    [HTTP_HOST] => localhost
    [HTTP_CONNECTION] => keep-alive
    [HTTP_SEC_CH_UA_PLATFORM] => "Windows"
    [HTTP_USER_AGENT] => Mozilla/5.0 (Windows NT 10.0; Win64; x64) AppleWebKit/537.36 (KHTML, like Gecko) Chrome/137.0.0.0 Safari/537.36
    [HTTP_SEC_CH_UA] => "Brave";v="137", "Chromium";v="137", "Not/A)Brand";v="24"
    [HTTP_SEC_CH_UA_MOBILE] => ?0
    [HTTP_ACCEPT] => */*
    [HTTP_SEC_GPC] => 1
    [HTTP_ACCEPT_LANGUAGE] => en-US,en;q=0.5
    [HTTP_SEC_FETCH_SITE] => same-origin
    [HTTP_SEC_FETCH_MODE] => cors
    [HTTP_SEC_FETCH_DEST] => empty
    [HTTP_REFERER] => http://localhost/Stash/RandomNoliktava.html?username=admin&password=admin123
    [HTTP_ACCEPT_ENCODING] => gzip, deflate, br, zstd
    [PATH] => C:\Program Files (x86)\Common Files\Oracle\Java\javapath;C:\ProgramData\Oracle\Java\javapath;C:\Windows\system32;C:\Windows;C:\Windows\System32\Wbem;C:\Windows\System32\WindowsPowerShell\v1.0\;C:\Windows\System32\OpenSSH\;C:\Program Files\dotnet\;C:\Program Files (x86)\NVIDIA Corporation\PhysX\Common;C:\Program Files\NVIDIA Corporation\NVIDIA NvDLISR;C:\Program Files\nodejs\;C:\Program Files\php-8.3.3;C:\ProgramData\ComposerSetup\bin;C:\Program Files\Git\cmd;c:\Users\edgar\AppData\Local\Programs\cursor\resources\app\bin;C:\Program Files\MySQL\MySQL Shell 8.0\bin\;C:\Users\edgar\AppData\Local\Programs\Python\Python39\Scripts\;C:\Users\edgar\AppData\Local\Programs\Python\Python39\;C:\Users\edgar\AppData\Local\Microsoft\WindowsApps;C:\Users\edgar\AppData\Local\Programs\Microsoft VS Code\bin;C:\Users\edgar\.dotnet\tools;C:\Users\edgar\AppData\Roaming\npm;C:\Users\edgar\AppData\Roaming\Composer\vendor\bin;C:\Users\edgar\AppData\Local\GitHubDesktop\bin;C:\Users\edgar\AppData\Local\Programs\cursor\resources\app\bin
    [SystemRoot] => C:\Windows
    [COMSPEC] => C:\Windows\system32\cmd.exe
    [PATHEXT] => .COM;.EXE;.BAT;.CMD;.VBS;.VBE;.JS;.JSE;.WSF;.WSH;.MSC
    [WINDIR] => C:\Windows
    [SERVER_SIGNATURE] => <address>Apache/2.4.58 (Win64) OpenSSL/3.1.3 PHP/8.2.12 Server at localhost Port 80</address>

    [SERVER_SOFTWARE] => Apache/2.4.58 (Win64) OpenSSL/3.1.3 PHP/8.2.12
    [SERVER_NAME] => localhost
    [SERVER_ADDR] => ::1
    [SERVER_PORT] => 80
    [REMOTE_ADDR] => ::1
    [DOCUMENT_ROOT] => C:/xampp/htdocs
    [REQUEST_SCHEME] => http
    [CONTEXT_PREFIX] => 
    [CONTEXT_DOCUMENT_ROOT] => C:/xampp/htdocs
    [SERVER_ADMIN] => postmaster@localhost
    [SCRIPT_FILENAME] => C:/xampp/htdocs/Stash/api/users.php
    [REMOTE_PORT] => 63482
    [GATEWAY_INTERFACE] => CGI/1.1
    [SERVER_PROTOCOL] => HTTP/1.1
    [REQUEST_METHOD] => GET
    [QUERY_STRING] => id=11
    [REQUEST_URI] => /Stash/api/users.php?id=11
    [SCRIPT_NAME] => /Stash/api/users.php
    [PHP_SELF] => /Stash/api/users.php
    [REQUEST_TIME_FLOAT] => 1749466850.2257
    [REQUEST_TIME] => 1749466850
)


Method received: GET
GET parameters:\nArray
(
    [id] => 11
)

Server variables:\nArray
(
    [MIBDIRS] => C:/xampp/php/extras/mibs
    [MYSQL_HOME] => \xampp\mysql\bin
    [OPENSSL_CONF] => C:/xampp/apache/bin/openssl.cnf
    [PHP_PEAR_SYSCONF_DIR] => \xampp\php
    [PHPRC] => \xampp\php
    [TMP] => \xampp\tmp
    [HTTP_HOST] => localhost
    [HTTP_CONNECTION] => keep-alive
    [HTTP_SEC_CH_UA_PLATFORM] => "Windows"
    [HTTP_USER_AGENT] => Mozilla/5.0 (Windows NT 10.0; Win64; x64) AppleWebKit/537.36 (KHTML, like Gecko) Chrome/137.0.0.0 Safari/537.36
    [HTTP_SEC_CH_UA] => "Brave";v="137", "Chromium";v="137", "Not/A)Brand";v="24"
    [HTTP_SEC_CH_UA_MOBILE] => ?0
    [HTTP_ACCEPT] => */*
    [HTTP_SEC_GPC] => 1
    [HTTP_ACCEPT_LANGUAGE] => en-US,en;q=0.5
    [HTTP_SEC_FETCH_SITE] => same-origin
    [HTTP_SEC_FETCH_MODE] => cors
    [HTTP_SEC_FETCH_DEST] => empty
    [HTTP_REFERER] => http://localhost/Stash/RandomNoliktava.html?username=admin&password=admin123
    [HTTP_ACCEPT_ENCODING] => gzip, deflate, br, zstd
    [PATH] => C:\Program Files (x86)\Common Files\Oracle\Java\javapath;C:\ProgramData\Oracle\Java\javapath;C:\Windows\system32;C:\Windows;C:\Windows\System32\Wbem;C:\Windows\System32\WindowsPowerShell\v1.0\;C:\Windows\System32\OpenSSH\;C:\Program Files\dotnet\;C:\Program Files (x86)\NVIDIA Corporation\PhysX\Common;C:\Program Files\NVIDIA Corporation\NVIDIA NvDLISR;C:\Program Files\nodejs\;C:\Program Files\php-8.3.3;C:\ProgramData\ComposerSetup\bin;C:\Program Files\Git\cmd;c:\Users\edgar\AppData\Local\Programs\cursor\resources\app\bin;C:\Program Files\MySQL\MySQL Shell 8.0\bin\;C:\Users\edgar\AppData\Local\Programs\Python\Python39\Scripts\;C:\Users\edgar\AppData\Local\Programs\Python\Python39\;C:\Users\edgar\AppData\Local\Microsoft\WindowsApps;C:\Users\edgar\AppData\Local\Programs\Microsoft VS Code\bin;C:\Users\edgar\.dotnet\tools;C:\Users\edgar\AppData\Roaming\npm;C:\Users\edgar\AppData\Roaming\Composer\vendor\bin;C:\Users\edgar\AppData\Local\GitHubDesktop\bin;C:\Users\edgar\AppData\Local\Programs\cursor\resources\app\bin
    [SystemRoot] => C:\Windows
    [COMSPEC] => C:\Windows\system32\cmd.exe
    [PATHEXT] => .COM;.EXE;.BAT;.CMD;.VBS;.VBE;.JS;.JSE;.WSF;.WSH;.MSC
    [WINDIR] => C:\Windows
    [SERVER_SIGNATURE] => <address>Apache/2.4.58 (Win64) OpenSSL/3.1.3 PHP/8.2.12 Server at localhost Port 80</address>

    [SERVER_SOFTWARE] => Apache/2.4.58 (Win64) OpenSSL/3.1.3 PHP/8.2.12
    [SERVER_NAME] => localhost
    [SERVER_ADDR] => ::1
    [SERVER_PORT] => 80
    [REMOTE_ADDR] => ::1
    [DOCUMENT_ROOT] => C:/xampp/htdocs
    [REQUEST_SCHEME] => http
    [CONTEXT_PREFIX] => 
    [CONTEXT_DOCUMENT_ROOT] => C:/xampp/htdocs
    [SERVER_ADMIN] => postmaster@localhost
    [SCRIPT_FILENAME] => C:/xampp/htdocs/Stash/api/users.php
    [REMOTE_PORT] => 63482
    [GATEWAY_INTERFACE] => CGI/1.1
    [SERVER_PROTOCOL] => HTTP/1.1
    [REQUEST_METHOD] => GET
    [QUERY_STRING] => id=11
    [REQUEST_URI] => /Stash/api/users.php?id=11
    [SCRIPT_NAME] => /Stash/api/users.php
    [PHP_SELF] => /Stash/api/users.php
    [REQUEST_TIME_FLOAT] => 1749466854.544
    [REQUEST_TIME] => 1749466854
)


Method received: GET
GET parameters:\nArray
(
    [id] => 11
)

Server variables:\nArray
(
    [MIBDIRS] => C:/xampp/php/extras/mibs
    [MYSQL_HOME] => \xampp\mysql\bin
    [OPENSSL_CONF] => C:/xampp/apache/bin/openssl.cnf
    [PHP_PEAR_SYSCONF_DIR] => \xampp\php
    [PHPRC] => \xampp\php
    [TMP] => \xampp\tmp
    [HTTP_HOST] => localhost
    [HTTP_CONNECTION] => keep-alive
    [HTTP_SEC_CH_UA_PLATFORM] => "Android"
    [HTTP_USER_AGENT] => Mozilla/5.0 (Linux; Android 6.0; Nexus 5 Build/MRA58N) AppleWebKit/537.36 (KHTML, like Gecko) Chrome/137.0.0.0 Mobile Safari/537.36
    [HTTP_SEC_CH_UA] => "Brave";v="137", "Chromium";v="137", "Not/A)Brand";v="24"
    [HTTP_SEC_CH_UA_MOBILE] => ?1
    [HTTP_ACCEPT] => */*
    [HTTP_SEC_GPC] => 1
    [HTTP_ACCEPT_LANGUAGE] => en-US,en;q=0.5
    [HTTP_SEC_FETCH_SITE] => same-origin
    [HTTP_SEC_FETCH_MODE] => cors
    [HTTP_SEC_FETCH_DEST] => empty
    [HTTP_REFERER] => http://localhost/Stash/RandomNoliktava.html?username=admin&password=admin123
    [HTTP_ACCEPT_ENCODING] => gzip, deflate, br, zstd
    [PATH] => C:\Program Files (x86)\Common Files\Oracle\Java\javapath;C:\ProgramData\Oracle\Java\javapath;C:\Windows\system32;C:\Windows;C:\Windows\System32\Wbem;C:\Windows\System32\WindowsPowerShell\v1.0\;C:\Windows\System32\OpenSSH\;C:\Program Files\dotnet\;C:\Program Files (x86)\NVIDIA Corporation\PhysX\Common;C:\Program Files\NVIDIA Corporation\NVIDIA NvDLISR;C:\Program Files\nodejs\;C:\Program Files\php-8.3.3;C:\ProgramData\ComposerSetup\bin;C:\Program Files\Git\cmd;c:\Users\edgar\AppData\Local\Programs\cursor\resources\app\bin;C:\Program Files\MySQL\MySQL Shell 8.0\bin\;C:\Users\edgar\AppData\Local\Programs\Python\Python39\Scripts\;C:\Users\edgar\AppData\Local\Programs\Python\Python39\;C:\Users\edgar\AppData\Local\Microsoft\WindowsApps;C:\Users\edgar\AppData\Local\Programs\Microsoft VS Code\bin;C:\Users\edgar\.dotnet\tools;C:\Users\edgar\AppData\Roaming\npm;C:\Users\edgar\AppData\Roaming\Composer\vendor\bin;C:\Users\edgar\AppData\Local\GitHubDesktop\bin;C:\Users\edgar\AppData\Local\Programs\cursor\resources\app\bin
    [SystemRoot] => C:\Windows
    [COMSPEC] => C:\Windows\system32\cmd.exe
    [PATHEXT] => .COM;.EXE;.BAT;.CMD;.VBS;.VBE;.JS;.JSE;.WSF;.WSH;.MSC
    [WINDIR] => C:\Windows
    [SERVER_SIGNATURE] => <address>Apache/2.4.58 (Win64) OpenSSL/3.1.3 PHP/8.2.12 Server at localhost Port 80</address>

    [SERVER_SOFTWARE] => Apache/2.4.58 (Win64) OpenSSL/3.1.3 PHP/8.2.12
    [SERVER_NAME] => localhost
    [SERVER_ADDR] => ::1
    [SERVER_PORT] => 80
    [REMOTE_ADDR] => ::1
    [DOCUMENT_ROOT] => C:/xampp/htdocs
    [REQUEST_SCHEME] => http
    [CONTEXT_PREFIX] => 
    [CONTEXT_DOCUMENT_ROOT] => C:/xampp/htdocs
    [SERVER_ADMIN] => postmaster@localhost
    [SCRIPT_FILENAME] => C:/xampp/htdocs/Stash/api/users.php
    [REMOTE_PORT] => 63490
    [GATEWAY_INTERFACE] => CGI/1.1
    [SERVER_PROTOCOL] => HTTP/1.1
    [REQUEST_METHOD] => GET
    [QUERY_STRING] => id=11
    [REQUEST_URI] => /Stash/api/users.php?id=11
    [SCRIPT_NAME] => /Stash/api/users.php
    [PHP_SELF] => /Stash/api/users.php
    [REQUEST_TIME_FLOAT] => 1749466864.1249
    [REQUEST_TIME] => 1749466864
)


Method received: GET
GET parameters:\nArray
(
    [id] => 11
)

Server variables:\nArray
(
    [MIBDIRS] => C:/xampp/php/extras/mibs
    [MYSQL_HOME] => \xampp\mysql\bin
    [OPENSSL_CONF] => C:/xampp/apache/bin/openssl.cnf
    [PHP_PEAR_SYSCONF_DIR] => \xampp\php
    [PHPRC] => \xampp\php
    [TMP] => \xampp\tmp
    [HTTP_HOST] => localhost
    [HTTP_CONNECTION] => keep-alive
    [HTTP_SEC_CH_UA_PLATFORM] => "Android"
    [HTTP_USER_AGENT] => Mozilla/5.0 (Linux; Android 6.0; Nexus 5 Build/MRA58N) AppleWebKit/537.36 (KHTML, like Gecko) Chrome/137.0.0.0 Mobile Safari/537.36
    [HTTP_SEC_CH_UA] => "Brave";v="137", "Chromium";v="137", "Not/A)Brand";v="24"
    [HTTP_SEC_CH_UA_MOBILE] => ?1
    [HTTP_ACCEPT] => */*
    [HTTP_SEC_GPC] => 1
    [HTTP_ACCEPT_LANGUAGE] => en-US,en;q=0.5
    [HTTP_SEC_FETCH_SITE] => same-origin
    [HTTP_SEC_FETCH_MODE] => cors
    [HTTP_SEC_FETCH_DEST] => empty
    [HTTP_REFERER] => http://localhost/Stash/RandomNoliktava.html?username=admin&password=admin123
    [HTTP_ACCEPT_ENCODING] => gzip, deflate, br, zstd
    [PATH] => C:\Program Files (x86)\Common Files\Oracle\Java\javapath;C:\ProgramData\Oracle\Java\javapath;C:\Windows\system32;C:\Windows;C:\Windows\System32\Wbem;C:\Windows\System32\WindowsPowerShell\v1.0\;C:\Windows\System32\OpenSSH\;C:\Program Files\dotnet\;C:\Program Files (x86)\NVIDIA Corporation\PhysX\Common;C:\Program Files\NVIDIA Corporation\NVIDIA NvDLISR;C:\Program Files\nodejs\;C:\Program Files\php-8.3.3;C:\ProgramData\ComposerSetup\bin;C:\Program Files\Git\cmd;c:\Users\edgar\AppData\Local\Programs\cursor\resources\app\bin;C:\Program Files\MySQL\MySQL Shell 8.0\bin\;C:\Users\edgar\AppData\Local\Programs\Python\Python39\Scripts\;C:\Users\edgar\AppData\Local\Programs\Python\Python39\;C:\Users\edgar\AppData\Local\Microsoft\WindowsApps;C:\Users\edgar\AppData\Local\Programs\Microsoft VS Code\bin;C:\Users\edgar\.dotnet\tools;C:\Users\edgar\AppData\Roaming\npm;C:\Users\edgar\AppData\Roaming\Composer\vendor\bin;C:\Users\edgar\AppData\Local\GitHubDesktop\bin;C:\Users\edgar\AppData\Local\Programs\cursor\resources\app\bin
    [SystemRoot] => C:\Windows
    [COMSPEC] => C:\Windows\system32\cmd.exe
    [PATHEXT] => .COM;.EXE;.BAT;.CMD;.VBS;.VBE;.JS;.JSE;.WSF;.WSH;.MSC
    [WINDIR] => C:\Windows
    [SERVER_SIGNATURE] => <address>Apache/2.4.58 (Win64) OpenSSL/3.1.3 PHP/8.2.12 Server at localhost Port 80</address>

    [SERVER_SOFTWARE] => Apache/2.4.58 (Win64) OpenSSL/3.1.3 PHP/8.2.12
    [SERVER_NAME] => localhost
    [SERVER_ADDR] => ::1
    [SERVER_PORT] => 80
    [REMOTE_ADDR] => ::1
    [DOCUMENT_ROOT] => C:/xampp/htdocs
    [REQUEST_SCHEME] => http
    [CONTEXT_PREFIX] => 
    [CONTEXT_DOCUMENT_ROOT] => C:/xampp/htdocs
    [SERVER_ADMIN] => postmaster@localhost
    [SCRIPT_FILENAME] => C:/xampp/htdocs/Stash/api/users.php
    [REMOTE_PORT] => 63532
    [GATEWAY_INTERFACE] => CGI/1.1
    [SERVER_PROTOCOL] => HTTP/1.1
    [REQUEST_METHOD] => GET
    [QUERY_STRING] => id=11
    [REQUEST_URI] => /Stash/api/users.php?id=11
    [SCRIPT_NAME] => /Stash/api/users.php
    [PHP_SELF] => /Stash/api/users.php
    [REQUEST_TIME_FLOAT] => 1749466913.2007
    [REQUEST_TIME] => 1749466913
)


Method received: GET
GET parameters:\nArray
(
    [id] => 11
)

Server variables:\nArray
(
    [MIBDIRS] => C:/xampp/php/extras/mibs
    [MYSQL_HOME] => \xampp\mysql\bin
    [OPENSSL_CONF] => C:/xampp/apache/bin/openssl.cnf
    [PHP_PEAR_SYSCONF_DIR] => \xampp\php
    [PHPRC] => \xampp\php
    [TMP] => \xampp\tmp
    [HTTP_HOST] => localhost
    [HTTP_CONNECTION] => keep-alive
    [HTTP_SEC_CH_UA_PLATFORM] => "Windows"
    [HTTP_USER_AGENT] => Mozilla/5.0 (Windows NT 10.0; Win64; x64) AppleWebKit/537.36 (KHTML, like Gecko) Chrome/137.0.0.0 Safari/537.36
    [HTTP_SEC_CH_UA] => "Brave";v="137", "Chromium";v="137", "Not/A)Brand";v="24"
    [HTTP_SEC_CH_UA_MOBILE] => ?0
    [HTTP_ACCEPT] => */*
    [HTTP_SEC_GPC] => 1
    [HTTP_ACCEPT_LANGUAGE] => en-US,en;q=0.5
    [HTTP_SEC_FETCH_SITE] => same-origin
    [HTTP_SEC_FETCH_MODE] => cors
    [HTTP_SEC_FETCH_DEST] => empty
    [HTTP_REFERER] => http://localhost/Stash/RandomNoliktava.html?username=admin&password=admin123
    [HTTP_ACCEPT_ENCODING] => gzip, deflate, br, zstd
    [PATH] => C:\Program Files (x86)\Common Files\Oracle\Java\javapath;C:\ProgramData\Oracle\Java\javapath;C:\Windows\system32;C:\Windows;C:\Windows\System32\Wbem;C:\Windows\System32\WindowsPowerShell\v1.0\;C:\Windows\System32\OpenSSH\;C:\Program Files\dotnet\;C:\Program Files (x86)\NVIDIA Corporation\PhysX\Common;C:\Program Files\NVIDIA Corporation\NVIDIA NvDLISR;C:\Program Files\nodejs\;C:\Program Files\php-8.3.3;C:\ProgramData\ComposerSetup\bin;C:\Program Files\Git\cmd;c:\Users\edgar\AppData\Local\Programs\cursor\resources\app\bin;C:\Program Files\MySQL\MySQL Shell 8.0\bin\;C:\Users\edgar\AppData\Local\Programs\Python\Python39\Scripts\;C:\Users\edgar\AppData\Local\Programs\Python\Python39\;C:\Users\edgar\AppData\Local\Microsoft\WindowsApps;C:\Users\edgar\AppData\Local\Programs\Microsoft VS Code\bin;C:\Users\edgar\.dotnet\tools;C:\Users\edgar\AppData\Roaming\npm;C:\Users\edgar\AppData\Roaming\Composer\vendor\bin;C:\Users\edgar\AppData\Local\GitHubDesktop\bin;C:\Users\edgar\AppData\Local\Programs\cursor\resources\app\bin
    [SystemRoot] => C:\Windows
    [COMSPEC] => C:\Windows\system32\cmd.exe
    [PATHEXT] => .COM;.EXE;.BAT;.CMD;.VBS;.VBE;.JS;.JSE;.WSF;.WSH;.MSC
    [WINDIR] => C:\Windows
    [SERVER_SIGNATURE] => <address>Apache/2.4.58 (Win64) OpenSSL/3.1.3 PHP/8.2.12 Server at localhost Port 80</address>

    [SERVER_SOFTWARE] => Apache/2.4.58 (Win64) OpenSSL/3.1.3 PHP/8.2.12
    [SERVER_NAME] => localhost
    [SERVER_ADDR] => ::1
    [SERVER_PORT] => 80
    [REMOTE_ADDR] => ::1
    [DOCUMENT_ROOT] => C:/xampp/htdocs
    [REQUEST_SCHEME] => http
    [CONTEXT_PREFIX] => 
    [CONTEXT_DOCUMENT_ROOT] => C:/xampp/htdocs
    [SERVER_ADMIN] => postmaster@localhost
    [SCRIPT_FILENAME] => C:/xampp/htdocs/Stash/api/users.php
    [REMOTE_PORT] => 63556
    [GATEWAY_INTERFACE] => CGI/1.1
    [SERVER_PROTOCOL] => HTTP/1.1
    [REQUEST_METHOD] => GET
    [QUERY_STRING] => id=11
    [REQUEST_URI] => /Stash/api/users.php?id=11
    [SCRIPT_NAME] => /Stash/api/users.php
    [PHP_SELF] => /Stash/api/users.php
    [REQUEST_TIME_FLOAT] => 1749466932.8595
    [REQUEST_TIME] => 1749466932
)


Method received: GET
GET parameters:\nArray
(
    [id] => 11
)

Server variables:\nArray
(
    [MIBDIRS] => C:/xampp/php/extras/mibs
    [MYSQL_HOME] => \xampp\mysql\bin
    [OPENSSL_CONF] => C:/xampp/apache/bin/openssl.cnf
    [PHP_PEAR_SYSCONF_DIR] => \xampp\php
    [PHPRC] => \xampp\php
    [TMP] => \xampp\tmp
    [HTTP_HOST] => localhost
    [HTTP_CONNECTION] => keep-alive
    [HTTP_SEC_CH_UA_PLATFORM] => "Windows"
    [HTTP_USER_AGENT] => Mozilla/5.0 (Windows NT 10.0; Win64; x64) AppleWebKit/537.36 (KHTML, like Gecko) Chrome/137.0.0.0 Safari/537.36
    [HTTP_SEC_CH_UA] => "Brave";v="137", "Chromium";v="137", "Not/A)Brand";v="24"
    [HTTP_SEC_CH_UA_MOBILE] => ?0
    [HTTP_ACCEPT] => */*
    [HTTP_SEC_GPC] => 1
    [HTTP_ACCEPT_LANGUAGE] => en-US,en;q=0.5
    [HTTP_SEC_FETCH_SITE] => same-origin
    [HTTP_SEC_FETCH_MODE] => cors
    [HTTP_SEC_FETCH_DEST] => empty
    [HTTP_REFERER] => http://localhost/Stash/RandomNoliktava.html?username=admin&password=admin123
    [HTTP_ACCEPT_ENCODING] => gzip, deflate, br, zstd
    [PATH] => C:\Program Files (x86)\Common Files\Oracle\Java\javapath;C:\ProgramData\Oracle\Java\javapath;C:\Windows\system32;C:\Windows;C:\Windows\System32\Wbem;C:\Windows\System32\WindowsPowerShell\v1.0\;C:\Windows\System32\OpenSSH\;C:\Program Files\dotnet\;C:\Program Files (x86)\NVIDIA Corporation\PhysX\Common;C:\Program Files\NVIDIA Corporation\NVIDIA NvDLISR;C:\Program Files\nodejs\;C:\Program Files\php-8.3.3;C:\ProgramData\ComposerSetup\bin;C:\Program Files\Git\cmd;c:\Users\edgar\AppData\Local\Programs\cursor\resources\app\bin;C:\Program Files\MySQL\MySQL Shell 8.0\bin\;C:\Users\edgar\AppData\Local\Programs\Python\Python39\Scripts\;C:\Users\edgar\AppData\Local\Programs\Python\Python39\;C:\Users\edgar\AppData\Local\Microsoft\WindowsApps;C:\Users\edgar\AppData\Local\Programs\Microsoft VS Code\bin;C:\Users\edgar\.dotnet\tools;C:\Users\edgar\AppData\Roaming\npm;C:\Users\edgar\AppData\Roaming\Composer\vendor\bin;C:\Users\edgar\AppData\Local\GitHubDesktop\bin;C:\Users\edgar\AppData\Local\Programs\cursor\resources\app\bin
    [SystemRoot] => C:\Windows
    [COMSPEC] => C:\Windows\system32\cmd.exe
    [PATHEXT] => .COM;.EXE;.BAT;.CMD;.VBS;.VBE;.JS;.JSE;.WSF;.WSH;.MSC
    [WINDIR] => C:\Windows
    [SERVER_SIGNATURE] => <address>Apache/2.4.58 (Win64) OpenSSL/3.1.3 PHP/8.2.12 Server at localhost Port 80</address>

    [SERVER_SOFTWARE] => Apache/2.4.58 (Win64) OpenSSL/3.1.3 PHP/8.2.12
    [SERVER_NAME] => localhost
    [SERVER_ADDR] => ::1
    [SERVER_PORT] => 80
    [REMOTE_ADDR] => ::1
    [DOCUMENT_ROOT] => C:/xampp/htdocs
    [REQUEST_SCHEME] => http
    [CONTEXT_PREFIX] => 
    [CONTEXT_DOCUMENT_ROOT] => C:/xampp/htdocs
    [SERVER_ADMIN] => postmaster@localhost
    [SCRIPT_FILENAME] => C:/xampp/htdocs/Stash/api/users.php
    [REMOTE_PORT] => 63606
    [GATEWAY_INTERFACE] => CGI/1.1
    [SERVER_PROTOCOL] => HTTP/1.1
    [REQUEST_METHOD] => GET
    [QUERY_STRING] => id=11
    [REQUEST_URI] => /Stash/api/users.php?id=11
    [SCRIPT_NAME] => /Stash/api/users.php
    [PHP_SELF] => /Stash/api/users.php
    [REQUEST_TIME_FLOAT] => 1749466978.0906
    [REQUEST_TIME] => 1749466978
)


Method received: GET
GET parameters:\nArray
(
    [id] => 11
)

Server variables:\nArray
(
    [MIBDIRS] => C:/xampp/php/extras/mibs
    [MYSQL_HOME] => \xampp\mysql\bin
    [OPENSSL_CONF] => C:/xampp/apache/bin/openssl.cnf
    [PHP_PEAR_SYSCONF_DIR] => \xampp\php
    [PHPRC] => \xampp\php
    [TMP] => \xampp\tmp
    [HTTP_HOST] => localhost
    [HTTP_CONNECTION] => keep-alive
    [HTTP_SEC_CH_UA_PLATFORM] => "Windows"
    [HTTP_USER_AGENT] => Mozilla/5.0 (Windows NT 10.0; Win64; x64) AppleWebKit/537.36 (KHTML, like Gecko) Chrome/137.0.0.0 Safari/537.36
    [HTTP_SEC_CH_UA] => "Brave";v="137", "Chromium";v="137", "Not/A)Brand";v="24"
    [HTTP_SEC_CH_UA_MOBILE] => ?0
    [HTTP_ACCEPT] => */*
    [HTTP_SEC_GPC] => 1
    [HTTP_ACCEPT_LANGUAGE] => en-US,en;q=0.5
    [HTTP_SEC_FETCH_SITE] => same-origin
    [HTTP_SEC_FETCH_MODE] => cors
    [HTTP_SEC_FETCH_DEST] => empty
    [HTTP_REFERER] => http://localhost/Stash/RandomNoliktava.html?username=admin&password=admin123
    [HTTP_ACCEPT_ENCODING] => gzip, deflate, br, zstd
    [PATH] => C:\Program Files (x86)\Common Files\Oracle\Java\javapath;C:\ProgramData\Oracle\Java\javapath;C:\Windows\system32;C:\Windows;C:\Windows\System32\Wbem;C:\Windows\System32\WindowsPowerShell\v1.0\;C:\Windows\System32\OpenSSH\;C:\Program Files\dotnet\;C:\Program Files (x86)\NVIDIA Corporation\PhysX\Common;C:\Program Files\NVIDIA Corporation\NVIDIA NvDLISR;C:\Program Files\nodejs\;C:\Program Files\php-8.3.3;C:\ProgramData\ComposerSetup\bin;C:\Program Files\Git\cmd;c:\Users\edgar\AppData\Local\Programs\cursor\resources\app\bin;C:\Program Files\MySQL\MySQL Shell 8.0\bin\;C:\Users\edgar\AppData\Local\Programs\Python\Python39\Scripts\;C:\Users\edgar\AppData\Local\Programs\Python\Python39\;C:\Users\edgar\AppData\Local\Microsoft\WindowsApps;C:\Users\edgar\AppData\Local\Programs\Microsoft VS Code\bin;C:\Users\edgar\.dotnet\tools;C:\Users\edgar\AppData\Roaming\npm;C:\Users\edgar\AppData\Roaming\Composer\vendor\bin;C:\Users\edgar\AppData\Local\GitHubDesktop\bin;C:\Users\edgar\AppData\Local\Programs\cursor\resources\app\bin
    [SystemRoot] => C:\Windows
    [COMSPEC] => C:\Windows\system32\cmd.exe
    [PATHEXT] => .COM;.EXE;.BAT;.CMD;.VBS;.VBE;.JS;.JSE;.WSF;.WSH;.MSC
    [WINDIR] => C:\Windows
    [SERVER_SIGNATURE] => <address>Apache/2.4.58 (Win64) OpenSSL/3.1.3 PHP/8.2.12 Server at localhost Port 80</address>

    [SERVER_SOFTWARE] => Apache/2.4.58 (Win64) OpenSSL/3.1.3 PHP/8.2.12
    [SERVER_NAME] => localhost
    [SERVER_ADDR] => ::1
    [SERVER_PORT] => 80
    [REMOTE_ADDR] => ::1
    [DOCUMENT_ROOT] => C:/xampp/htdocs
    [REQUEST_SCHEME] => http
    [CONTEXT_PREFIX] => 
    [CONTEXT_DOCUMENT_ROOT] => C:/xampp/htdocs
    [SERVER_ADMIN] => postmaster@localhost
    [SCRIPT_FILENAME] => C:/xampp/htdocs/Stash/api/users.php
    [REMOTE_PORT] => 63649
    [GATEWAY_INTERFACE] => CGI/1.1
    [SERVER_PROTOCOL] => HTTP/1.1
    [REQUEST_METHOD] => GET
    [QUERY_STRING] => id=11
    [REQUEST_URI] => /Stash/api/users.php?id=11
    [SCRIPT_NAME] => /Stash/api/users.php
    [PHP_SELF] => /Stash/api/users.php
    [REQUEST_TIME_FLOAT] => 1749467102.1385
    [REQUEST_TIME] => 1749467102
)


Method received: GET
GET parameters:\nArray
(
    [id] => 11
)

Server variables:\nArray
(
    [MIBDIRS] => C:/xampp/php/extras/mibs
    [MYSQL_HOME] => \xampp\mysql\bin
    [OPENSSL_CONF] => C:/xampp/apache/bin/openssl.cnf
    [PHP_PEAR_SYSCONF_DIR] => \xampp\php
    [PHPRC] => \xampp\php
    [TMP] => \xampp\tmp
    [HTTP_HOST] => localhost
    [HTTP_CONNECTION] => keep-alive
    [HTTP_SEC_CH_UA_PLATFORM] => "Windows"
    [HTTP_USER_AGENT] => Mozilla/5.0 (Windows NT 10.0; Win64; x64) AppleWebKit/537.36 (KHTML, like Gecko) Chrome/137.0.0.0 Safari/537.36
    [HTTP_SEC_CH_UA] => "Brave";v="137", "Chromium";v="137", "Not/A)Brand";v="24"
    [HTTP_SEC_CH_UA_MOBILE] => ?0
    [HTTP_ACCEPT] => */*
    [HTTP_SEC_GPC] => 1
    [HTTP_ACCEPT_LANGUAGE] => en-US,en;q=0.5
    [HTTP_SEC_FETCH_SITE] => same-origin
    [HTTP_SEC_FETCH_MODE] => cors
    [HTTP_SEC_FETCH_DEST] => empty
    [HTTP_REFERER] => http://localhost/Stash/RandomNoliktava.html?username=admin&password=admin123
    [HTTP_ACCEPT_ENCODING] => gzip, deflate, br, zstd
    [PATH] => C:\Program Files (x86)\Common Files\Oracle\Java\javapath;C:\ProgramData\Oracle\Java\javapath;C:\Windows\system32;C:\Windows;C:\Windows\System32\Wbem;C:\Windows\System32\WindowsPowerShell\v1.0\;C:\Windows\System32\OpenSSH\;C:\Program Files\dotnet\;C:\Program Files (x86)\NVIDIA Corporation\PhysX\Common;C:\Program Files\NVIDIA Corporation\NVIDIA NvDLISR;C:\Program Files\nodejs\;C:\Program Files\php-8.3.3;C:\ProgramData\ComposerSetup\bin;C:\Program Files\Git\cmd;c:\Users\edgar\AppData\Local\Programs\cursor\resources\app\bin;C:\Program Files\MySQL\MySQL Shell 8.0\bin\;C:\Users\edgar\AppData\Local\Programs\Python\Python39\Scripts\;C:\Users\edgar\AppData\Local\Programs\Python\Python39\;C:\Users\edgar\AppData\Local\Microsoft\WindowsApps;C:\Users\edgar\AppData\Local\Programs\Microsoft VS Code\bin;C:\Users\edgar\.dotnet\tools;C:\Users\edgar\AppData\Roaming\npm;C:\Users\edgar\AppData\Roaming\Composer\vendor\bin;C:\Users\edgar\AppData\Local\GitHubDesktop\bin;C:\Users\edgar\AppData\Local\Programs\cursor\resources\app\bin
    [SystemRoot] => C:\Windows
    [COMSPEC] => C:\Windows\system32\cmd.exe
    [PATHEXT] => .COM;.EXE;.BAT;.CMD;.VBS;.VBE;.JS;.JSE;.WSF;.WSH;.MSC
    [WINDIR] => C:\Windows
    [SERVER_SIGNATURE] => <address>Apache/2.4.58 (Win64) OpenSSL/3.1.3 PHP/8.2.12 Server at localhost Port 80</address>

    [SERVER_SOFTWARE] => Apache/2.4.58 (Win64) OpenSSL/3.1.3 PHP/8.2.12
    [SERVER_NAME] => localhost
    [SERVER_ADDR] => ::1
    [SERVER_PORT] => 80
    [REMOTE_ADDR] => ::1
    [DOCUMENT_ROOT] => C:/xampp/htdocs
    [REQUEST_SCHEME] => http
    [CONTEXT_PREFIX] => 
    [CONTEXT_DOCUMENT_ROOT] => C:/xampp/htdocs
    [SERVER_ADMIN] => postmaster@localhost
    [SCRIPT_FILENAME] => C:/xampp/htdocs/Stash/api/users.php
    [REMOTE_PORT] => 63871
    [GATEWAY_INTERFACE] => CGI/1.1
    [SERVER_PROTOCOL] => HTTP/1.1
    [REQUEST_METHOD] => GET
    [QUERY_STRING] => id=11
    [REQUEST_URI] => /Stash/api/users.php?id=11
    [SCRIPT_NAME] => /Stash/api/users.php
    [PHP_SELF] => /Stash/api/users.php
    [REQUEST_TIME_FLOAT] => 1749467202.8774
    [REQUEST_TIME] => 1749467202
)


Method received: GET
GET parameters:\nArray
(
    [id] => 13
)

Server variables:\nArray
(
    [MIBDIRS] => C:/xampp/php/extras/mibs
    [MYSQL_HOME] => \xampp\mysql\bin
    [OPENSSL_CONF] => C:/xampp/apache/bin/openssl.cnf
    [PHP_PEAR_SYSCONF_DIR] => \xampp\php
    [PHPRC] => \xampp\php
    [TMP] => \xampp\tmp
    [HTTP_HOST] => localhost
    [HTTP_CONNECTION] => keep-alive
    [HTTP_SEC_CH_UA_PLATFORM] => "Windows"
    [HTTP_USER_AGENT] => Mozilla/5.0 (Windows NT 10.0; Win64; x64) AppleWebKit/537.36 (KHTML, like Gecko) Chrome/137.0.0.0 Safari/537.36
    [HTTP_SEC_CH_UA] => "Brave";v="137", "Chromium";v="137", "Not/A)Brand";v="24"
    [HTTP_SEC_CH_UA_MOBILE] => ?0
    [HTTP_ACCEPT] => */*
    [HTTP_SEC_GPC] => 1
    [HTTP_ACCEPT_LANGUAGE] => en-US,en;q=0.5
    [HTTP_SEC_FETCH_SITE] => same-origin
    [HTTP_SEC_FETCH_MODE] => cors
    [HTTP_SEC_FETCH_DEST] => empty
    [HTTP_REFERER] => http://localhost/Stash/RandomNoliktava.html?username=admin&password=admin123
    [HTTP_ACCEPT_ENCODING] => gzip, deflate, br, zstd
    [PATH] => C:\Program Files (x86)\Common Files\Oracle\Java\javapath;C:\ProgramData\Oracle\Java\javapath;C:\Windows\system32;C:\Windows;C:\Windows\System32\Wbem;C:\Windows\System32\WindowsPowerShell\v1.0\;C:\Windows\System32\OpenSSH\;C:\Program Files\dotnet\;C:\Program Files (x86)\NVIDIA Corporation\PhysX\Common;C:\Program Files\NVIDIA Corporation\NVIDIA NvDLISR;C:\Program Files\nodejs\;C:\Program Files\php-8.3.3;C:\ProgramData\ComposerSetup\bin;C:\Program Files\Git\cmd;c:\Users\edgar\AppData\Local\Programs\cursor\resources\app\bin;C:\Program Files\MySQL\MySQL Shell 8.0\bin\;C:\Users\edgar\AppData\Local\Programs\Python\Python39\Scripts\;C:\Users\edgar\AppData\Local\Programs\Python\Python39\;C:\Users\edgar\AppData\Local\Microsoft\WindowsApps;C:\Users\edgar\AppData\Local\Programs\Microsoft VS Code\bin;C:\Users\edgar\.dotnet\tools;C:\Users\edgar\AppData\Roaming\npm;C:\Users\edgar\AppData\Roaming\Composer\vendor\bin;C:\Users\edgar\AppData\Local\GitHubDesktop\bin;C:\Users\edgar\AppData\Local\Programs\cursor\resources\app\bin
    [SystemRoot] => C:\Windows
    [COMSPEC] => C:\Windows\system32\cmd.exe
    [PATHEXT] => .COM;.EXE;.BAT;.CMD;.VBS;.VBE;.JS;.JSE;.WSF;.WSH;.MSC
    [WINDIR] => C:\Windows
    [SERVER_SIGNATURE] => <address>Apache/2.4.58 (Win64) OpenSSL/3.1.3 PHP/8.2.12 Server at localhost Port 80</address>

    [SERVER_SOFTWARE] => Apache/2.4.58 (Win64) OpenSSL/3.1.3 PHP/8.2.12
    [SERVER_NAME] => localhost
    [SERVER_ADDR] => ::1
    [SERVER_PORT] => 80
    [REMOTE_ADDR] => ::1
    [DOCUMENT_ROOT] => C:/xampp/htdocs
    [REQUEST_SCHEME] => http
    [CONTEXT_PREFIX] => 
    [CONTEXT_DOCUMENT_ROOT] => C:/xampp/htdocs
    [SERVER_ADMIN] => postmaster@localhost
    [SCRIPT_FILENAME] => C:/xampp/htdocs/Stash/api/users.php
    [REMOTE_PORT] => 63995
    [GATEWAY_INTERFACE] => CGI/1.1
    [SERVER_PROTOCOL] => HTTP/1.1
    [REQUEST_METHOD] => GET
    [QUERY_STRING] => id=13
    [REQUEST_URI] => /Stash/api/users.php?id=13
    [SCRIPT_NAME] => /Stash/api/users.php
    [PHP_SELF] => /Stash/api/users.php
    [REQUEST_TIME_FLOAT] => 1749467376.74
    [REQUEST_TIME] => 1749467376
)


Method received: GET
GET parameters:\nArray
(
    [id] => 13
)

Server variables:\nArray
(
    [MIBDIRS] => C:/xampp/php/extras/mibs
    [MYSQL_HOME] => \xampp\mysql\bin
    [OPENSSL_CONF] => C:/xampp/apache/bin/openssl.cnf
    [PHP_PEAR_SYSCONF_DIR] => \xampp\php
    [PHPRC] => \xampp\php
    [TMP] => \xampp\tmp
    [HTTP_HOST] => localhost
    [HTTP_CONNECTION] => keep-alive
    [HTTP_SEC_CH_UA_PLATFORM] => "Windows"
    [HTTP_USER_AGENT] => Mozilla/5.0 (Windows NT 10.0; Win64; x64) AppleWebKit/537.36 (KHTML, like Gecko) Chrome/137.0.0.0 Safari/537.36
    [HTTP_SEC_CH_UA] => "Brave";v="137", "Chromium";v="137", "Not/A)Brand";v="24"
    [HTTP_SEC_CH_UA_MOBILE] => ?0
    [HTTP_ACCEPT] => */*
    [HTTP_SEC_GPC] => 1
    [HTTP_ACCEPT_LANGUAGE] => en-US,en;q=0.5
    [HTTP_SEC_FETCH_SITE] => same-origin
    [HTTP_SEC_FETCH_MODE] => cors
    [HTTP_SEC_FETCH_DEST] => empty
    [HTTP_REFERER] => http://localhost/Stash/RandomNoliktava.html?username=admin&password=admin123
    [HTTP_ACCEPT_ENCODING] => gzip, deflate, br, zstd
    [PATH] => C:\Program Files (x86)\Common Files\Oracle\Java\javapath;C:\ProgramData\Oracle\Java\javapath;C:\Windows\system32;C:\Windows;C:\Windows\System32\Wbem;C:\Windows\System32\WindowsPowerShell\v1.0\;C:\Windows\System32\OpenSSH\;C:\Program Files\dotnet\;C:\Program Files (x86)\NVIDIA Corporation\PhysX\Common;C:\Program Files\NVIDIA Corporation\NVIDIA NvDLISR;C:\Program Files\nodejs\;C:\Program Files\php-8.3.3;C:\ProgramData\ComposerSetup\bin;C:\Program Files\Git\cmd;c:\Users\edgar\AppData\Local\Programs\cursor\resources\app\bin;C:\Program Files\MySQL\MySQL Shell 8.0\bin\;C:\Users\edgar\AppData\Local\Programs\Python\Python39\Scripts\;C:\Users\edgar\AppData\Local\Programs\Python\Python39\;C:\Users\edgar\AppData\Local\Microsoft\WindowsApps;C:\Users\edgar\AppData\Local\Programs\Microsoft VS Code\bin;C:\Users\edgar\.dotnet\tools;C:\Users\edgar\AppData\Roaming\npm;C:\Users\edgar\AppData\Roaming\Composer\vendor\bin;C:\Users\edgar\AppData\Local\GitHubDesktop\bin;C:\Users\edgar\AppData\Local\Programs\cursor\resources\app\bin
    [SystemRoot] => C:\Windows
    [COMSPEC] => C:\Windows\system32\cmd.exe
    [PATHEXT] => .COM;.EXE;.BAT;.CMD;.VBS;.VBE;.JS;.JSE;.WSF;.WSH;.MSC
    [WINDIR] => C:\Windows
    [SERVER_SIGNATURE] => <address>Apache/2.4.58 (Win64) OpenSSL/3.1.3 PHP/8.2.12 Server at localhost Port 80</address>

    [SERVER_SOFTWARE] => Apache/2.4.58 (Win64) OpenSSL/3.1.3 PHP/8.2.12
    [SERVER_NAME] => localhost
    [SERVER_ADDR] => ::1
    [SERVER_PORT] => 80
    [REMOTE_ADDR] => ::1
    [DOCUMENT_ROOT] => C:/xampp/htdocs
    [REQUEST_SCHEME] => http
    [CONTEXT_PREFIX] => 
    [CONTEXT_DOCUMENT_ROOT] => C:/xampp/htdocs
    [SERVER_ADMIN] => postmaster@localhost
    [SCRIPT_FILENAME] => C:/xampp/htdocs/Stash/api/users.php
    [REMOTE_PORT] => 64025
    [GATEWAY_INTERFACE] => CGI/1.1
    [SERVER_PROTOCOL] => HTTP/1.1
    [REQUEST_METHOD] => GET
    [QUERY_STRING] => id=13
    [REQUEST_URI] => /Stash/api/users.php?id=13
    [SCRIPT_NAME] => /Stash/api/users.php
    [PHP_SELF] => /Stash/api/users.php
    [REQUEST_TIME_FLOAT] => 1749467442.6541
    [REQUEST_TIME] => 1749467442
)


Method received: GET
GET parameters:\nArray
(
    [id] => 14
)

Server variables:\nArray
(
    [MIBDIRS] => C:/xampp/php/extras/mibs
    [MYSQL_HOME] => \xampp\mysql\bin
    [OPENSSL_CONF] => C:/xampp/apache/bin/openssl.cnf
    [PHP_PEAR_SYSCONF_DIR] => \xampp\php
    [PHPRC] => \xampp\php
    [TMP] => \xampp\tmp
    [HTTP_HOST] => localhost
    [HTTP_CONNECTION] => keep-alive
    [HTTP_SEC_CH_UA_PLATFORM] => "Windows"
    [HTTP_USER_AGENT] => Mozilla/5.0 (Windows NT 10.0; Win64; x64) AppleWebKit/537.36 (KHTML, like Gecko) Chrome/137.0.0.0 Safari/537.36
    [HTTP_SEC_CH_UA] => "Brave";v="137", "Chromium";v="137", "Not/A)Brand";v="24"
    [HTTP_SEC_CH_UA_MOBILE] => ?0
    [HTTP_ACCEPT] => */*
    [HTTP_SEC_GPC] => 1
    [HTTP_ACCEPT_LANGUAGE] => en-US,en;q=0.5
    [HTTP_SEC_FETCH_SITE] => same-origin
    [HTTP_SEC_FETCH_MODE] => cors
    [HTTP_SEC_FETCH_DEST] => empty
    [HTTP_REFERER] => http://localhost/Stash/RandomNoliktava.html?username=admin&password=admin123
    [HTTP_ACCEPT_ENCODING] => gzip, deflate, br, zstd
    [PATH] => C:\Program Files (x86)\Common Files\Oracle\Java\javapath;C:\ProgramData\Oracle\Java\javapath;C:\Windows\system32;C:\Windows;C:\Windows\System32\Wbem;C:\Windows\System32\WindowsPowerShell\v1.0\;C:\Windows\System32\OpenSSH\;C:\Program Files\dotnet\;C:\Program Files (x86)\NVIDIA Corporation\PhysX\Common;C:\Program Files\NVIDIA Corporation\NVIDIA NvDLISR;C:\Program Files\nodejs\;C:\Program Files\php-8.3.3;C:\ProgramData\ComposerSetup\bin;C:\Program Files\Git\cmd;c:\Users\edgar\AppData\Local\Programs\cursor\resources\app\bin;C:\Program Files\MySQL\MySQL Shell 8.0\bin\;C:\Users\edgar\AppData\Local\Programs\Python\Python39\Scripts\;C:\Users\edgar\AppData\Local\Programs\Python\Python39\;C:\Users\edgar\AppData\Local\Microsoft\WindowsApps;C:\Users\edgar\AppData\Local\Programs\Microsoft VS Code\bin;C:\Users\edgar\.dotnet\tools;C:\Users\edgar\AppData\Roaming\npm;C:\Users\edgar\AppData\Roaming\Composer\vendor\bin;C:\Users\edgar\AppData\Local\GitHubDesktop\bin;C:\Users\edgar\AppData\Local\Programs\cursor\resources\app\bin
    [SystemRoot] => C:\Windows
    [COMSPEC] => C:\Windows\system32\cmd.exe
    [PATHEXT] => .COM;.EXE;.BAT;.CMD;.VBS;.VBE;.JS;.JSE;.WSF;.WSH;.MSC
    [WINDIR] => C:\Windows
    [SERVER_SIGNATURE] => <address>Apache/2.4.58 (Win64) OpenSSL/3.1.3 PHP/8.2.12 Server at localhost Port 80</address>

    [SERVER_SOFTWARE] => Apache/2.4.58 (Win64) OpenSSL/3.1.3 PHP/8.2.12
    [SERVER_NAME] => localhost
    [SERVER_ADDR] => ::1
    [SERVER_PORT] => 80
    [REMOTE_ADDR] => ::1
    [DOCUMENT_ROOT] => C:/xampp/htdocs
    [REQUEST_SCHEME] => http
    [CONTEXT_PREFIX] => 
    [CONTEXT_DOCUMENT_ROOT] => C:/xampp/htdocs
    [SERVER_ADMIN] => postmaster@localhost
    [SCRIPT_FILENAME] => C:/xampp/htdocs/Stash/api/users.php
    [REMOTE_PORT] => 64035
    [GATEWAY_INTERFACE] => CGI/1.1
    [SERVER_PROTOCOL] => HTTP/1.1
    [REQUEST_METHOD] => GET
    [QUERY_STRING] => id=14
    [REQUEST_URI] => /Stash/api/users.php?id=14
    [SCRIPT_NAME] => /Stash/api/users.php
    [PHP_SELF] => /Stash/api/users.php
    [REQUEST_TIME_FLOAT] => 1749467471.6537
    [REQUEST_TIME] => 1749467471
)


Method received: GET
GET parameters:\nArray
(
    [id] => 14
)

Server variables:\nArray
(
    [MIBDIRS] => C:/xampp/php/extras/mibs
    [MYSQL_HOME] => \xampp\mysql\bin
    [OPENSSL_CONF] => C:/xampp/apache/bin/openssl.cnf
    [PHP_PEAR_SYSCONF_DIR] => \xampp\php
    [PHPRC] => \xampp\php
    [TMP] => \xampp\tmp
    [HTTP_HOST] => localhost
    [HTTP_CONNECTION] => keep-alive
    [HTTP_SEC_CH_UA_PLATFORM] => "Windows"
    [HTTP_USER_AGENT] => Mozilla/5.0 (Windows NT 10.0; Win64; x64) AppleWebKit/537.36 (KHTML, like Gecko) Chrome/137.0.0.0 Safari/537.36
    [HTTP_SEC_CH_UA] => "Brave";v="137", "Chromium";v="137", "Not/A)Brand";v="24"
    [HTTP_SEC_CH_UA_MOBILE] => ?0
    [HTTP_ACCEPT] => */*
    [HTTP_SEC_GPC] => 1
    [HTTP_ACCEPT_LANGUAGE] => en-US,en;q=0.5
    [HTTP_SEC_FETCH_SITE] => same-origin
    [HTTP_SEC_FETCH_MODE] => cors
    [HTTP_SEC_FETCH_DEST] => empty
    [HTTP_REFERER] => http://localhost/Stash/RandomNoliktava.html?username=admin&password=admin123
    [HTTP_ACCEPT_ENCODING] => gzip, deflate, br, zstd
    [PATH] => C:\Program Files (x86)\Common Files\Oracle\Java\javapath;C:\ProgramData\Oracle\Java\javapath;C:\Windows\system32;C:\Windows;C:\Windows\System32\Wbem;C:\Windows\System32\WindowsPowerShell\v1.0\;C:\Windows\System32\OpenSSH\;C:\Program Files\dotnet\;C:\Program Files (x86)\NVIDIA Corporation\PhysX\Common;C:\Program Files\NVIDIA Corporation\NVIDIA NvDLISR;C:\Program Files\nodejs\;C:\Program Files\php-8.3.3;C:\ProgramData\ComposerSetup\bin;C:\Program Files\Git\cmd;c:\Users\edgar\AppData\Local\Programs\cursor\resources\app\bin;C:\Program Files\MySQL\MySQL Shell 8.0\bin\;C:\Users\edgar\AppData\Local\Programs\Python\Python39\Scripts\;C:\Users\edgar\AppData\Local\Programs\Python\Python39\;C:\Users\edgar\AppData\Local\Microsoft\WindowsApps;C:\Users\edgar\AppData\Local\Programs\Microsoft VS Code\bin;C:\Users\edgar\.dotnet\tools;C:\Users\edgar\AppData\Roaming\npm;C:\Users\edgar\AppData\Roaming\Composer\vendor\bin;C:\Users\edgar\AppData\Local\GitHubDesktop\bin;C:\Users\edgar\AppData\Local\Programs\cursor\resources\app\bin
    [SystemRoot] => C:\Windows
    [COMSPEC] => C:\Windows\system32\cmd.exe
    [PATHEXT] => .COM;.EXE;.BAT;.CMD;.VBS;.VBE;.JS;.JSE;.WSF;.WSH;.MSC
    [WINDIR] => C:\Windows
    [SERVER_SIGNATURE] => <address>Apache/2.4.58 (Win64) OpenSSL/3.1.3 PHP/8.2.12 Server at localhost Port 80</address>

    [SERVER_SOFTWARE] => Apache/2.4.58 (Win64) OpenSSL/3.1.3 PHP/8.2.12
    [SERVER_NAME] => localhost
    [SERVER_ADDR] => ::1
    [SERVER_PORT] => 80
    [REMOTE_ADDR] => ::1
    [DOCUMENT_ROOT] => C:/xampp/htdocs
    [REQUEST_SCHEME] => http
    [CONTEXT_PREFIX] => 
    [CONTEXT_DOCUMENT_ROOT] => C:/xampp/htdocs
    [SERVER_ADMIN] => postmaster@localhost
    [SCRIPT_FILENAME] => C:/xampp/htdocs/Stash/api/users.php
    [REMOTE_PORT] => 64166
    [GATEWAY_INTERFACE] => CGI/1.1
    [SERVER_PROTOCOL] => HTTP/1.1
    [REQUEST_METHOD] => GET
    [QUERY_STRING] => id=14
    [REQUEST_URI] => /Stash/api/users.php?id=14
    [SCRIPT_NAME] => /Stash/api/users.php
    [PHP_SELF] => /Stash/api/users.php
    [REQUEST_TIME_FLOAT] => 1749467560.0344
    [REQUEST_TIME] => 1749467560
)


Method received: GET
GET parameters:\nArray
(
    [id] => 15
)

Server variables:\nArray
(
    [MIBDIRS] => C:/xampp/php/extras/mibs
    [MYSQL_HOME] => \xampp\mysql\bin
    [OPENSSL_CONF] => C:/xampp/apache/bin/openssl.cnf
    [PHP_PEAR_SYSCONF_DIR] => \xampp\php
    [PHPRC] => \xampp\php
    [TMP] => \xampp\tmp
    [HTTP_HOST] => localhost
    [HTTP_CONNECTION] => keep-alive
    [HTTP_SEC_CH_UA_PLATFORM] => "Windows"
    [HTTP_USER_AGENT] => Mozilla/5.0 (Windows NT 10.0; Win64; x64) AppleWebKit/537.36 (KHTML, like Gecko) Chrome/137.0.0.0 Safari/537.36
    [HTTP_SEC_CH_UA] => "Brave";v="137", "Chromium";v="137", "Not/A)Brand";v="24"
    [HTTP_SEC_CH_UA_MOBILE] => ?0
    [HTTP_ACCEPT] => */*
    [HTTP_SEC_GPC] => 1
    [HTTP_ACCEPT_LANGUAGE] => en-US,en;q=0.7
    [HTTP_SEC_FETCH_SITE] => same-origin
    [HTTP_SEC_FETCH_MODE] => cors
    [HTTP_SEC_FETCH_DEST] => empty
    [HTTP_REFERER] => http://localhost/Stash/RandomNoliktava.html
    [HTTP_ACCEPT_ENCODING] => gzip, deflate, br, zstd
    [HTTP_COOKIE] => PHPSESSID=2setq3kamu9el8trdr0uo4k7an
    [PATH] => C:\Program Files (x86)\Common Files\Oracle\Java\javapath;C:\ProgramData\Oracle\Java\javapath;C:\Windows\system32;C:\Windows;C:\Windows\System32\Wbem;C:\Windows\System32\WindowsPowerShell\v1.0\;C:\Windows\System32\OpenSSH\;C:\Program Files\dotnet\;C:\Program Files (x86)\NVIDIA Corporation\PhysX\Common;C:\Program Files\NVIDIA Corporation\NVIDIA NvDLISR;C:\Program Files\nodejs\;C:\Program Files\php-8.3.3;C:\ProgramData\ComposerSetup\bin;C:\Program Files\Git\cmd;c:\Users\edgar\AppData\Local\Programs\cursor\resources\app\bin;C:\Program Files\MySQL\MySQL Shell 8.0\bin\;C:\Users\edgar\AppData\Local\Programs\Python\Python39\Scripts\;C:\Users\edgar\AppData\Local\Programs\Python\Python39\;C:\Users\edgar\AppData\Local\Microsoft\WindowsApps;C:\Users\edgar\AppData\Local\Programs\Microsoft VS Code\bin;C:\Users\edgar\.dotnet\tools;C:\Users\edgar\AppData\Roaming\npm;C:\Users\edgar\AppData\Roaming\Composer\vendor\bin;C:\Users\edgar\AppData\Local\GitHubDesktop\bin;C:\Users\edgar\AppData\Local\Programs\cursor\resources\app\bin
    [SystemRoot] => C:\Windows
    [COMSPEC] => C:\Windows\system32\cmd.exe
    [PATHEXT] => .COM;.EXE;.BAT;.CMD;.VBS;.VBE;.JS;.JSE;.WSF;.WSH;.MSC
    [WINDIR] => C:\Windows
    [SERVER_SIGNATURE] => <address>Apache/2.4.58 (Win64) OpenSSL/3.1.3 PHP/8.2.12 Server at localhost Port 80</address>

    [SERVER_SOFTWARE] => Apache/2.4.58 (Win64) OpenSSL/3.1.3 PHP/8.2.12
    [SERVER_NAME] => localhost
    [SERVER_ADDR] => ::1
    [SERVER_PORT] => 80
    [REMOTE_ADDR] => ::1
    [DOCUMENT_ROOT] => C:/xampp/htdocs
    [REQUEST_SCHEME] => http
    [CONTEXT_PREFIX] => 
    [CONTEXT_DOCUMENT_ROOT] => C:/xampp/htdocs
    [SERVER_ADMIN] => postmaster@localhost
    [SCRIPT_FILENAME] => C:/xampp/htdocs/Stash/api/users.php
    [REMOTE_PORT] => 49652
    [GATEWAY_INTERFACE] => CGI/1.1
    [SERVER_PROTOCOL] => HTTP/1.1
    [REQUEST_METHOD] => GET
    [QUERY_STRING] => id=15
    [REQUEST_URI] => /Stash/api/users.php?id=15
    [SCRIPT_NAME] => /Stash/api/users.php
    [PHP_SELF] => /Stash/api/users.php
    [REQUEST_TIME_FLOAT] => 1749715827.2038
    [REQUEST_TIME] => 1749715827
)


Method received: GET
GET parameters:\nArray
(
    [id] => 15
)

Server variables:\nArray
(
    [MIBDIRS] => C:/xampp/php/extras/mibs
    [MYSQL_HOME] => \xampp\mysql\bin
    [OPENSSL_CONF] => C:/xampp/apache/bin/openssl.cnf
    [PHP_PEAR_SYSCONF_DIR] => \xampp\php
    [PHPRC] => \xampp\php
    [TMP] => \xampp\tmp
    [HTTP_HOST] => localhost
    [HTTP_CONNECTION] => keep-alive
    [HTTP_SEC_CH_UA_PLATFORM] => "Windows"
    [HTTP_USER_AGENT] => Mozilla/5.0 (Windows NT 10.0; Win64; x64) AppleWebKit/537.36 (KHTML, like Gecko) Chrome/137.0.0.0 Safari/537.36
    [HTTP_SEC_CH_UA] => "Brave";v="137", "Chromium";v="137", "Not/A)Brand";v="24"
    [HTTP_SEC_CH_UA_MOBILE] => ?0
    [HTTP_ACCEPT] => */*
    [HTTP_SEC_GPC] => 1
    [HTTP_ACCEPT_LANGUAGE] => en-US,en;q=0.7
    [HTTP_SEC_FETCH_SITE] => same-origin
    [HTTP_SEC_FETCH_MODE] => cors
    [HTTP_SEC_FETCH_DEST] => empty
    [HTTP_REFERER] => http://localhost/Stash/RandomNoliktava.html
    [HTTP_ACCEPT_ENCODING] => gzip, deflate, br, zstd
    [HTTP_COOKIE] => PHPSESSID=2setq3kamu9el8trdr0uo4k7an
    [PATH] => C:\Program Files (x86)\Common Files\Oracle\Java\javapath;C:\ProgramData\Oracle\Java\javapath;C:\Windows\system32;C:\Windows;C:\Windows\System32\Wbem;C:\Windows\System32\WindowsPowerShell\v1.0\;C:\Windows\System32\OpenSSH\;C:\Program Files\dotnet\;C:\Program Files (x86)\NVIDIA Corporation\PhysX\Common;C:\Program Files\NVIDIA Corporation\NVIDIA NvDLISR;C:\Program Files\nodejs\;C:\Program Files\php-8.3.3;C:\ProgramData\ComposerSetup\bin;C:\Program Files\Git\cmd;c:\Users\edgar\AppData\Local\Programs\cursor\resources\app\bin;C:\Program Files\MySQL\MySQL Shell 8.0\bin\;C:\Users\edgar\AppData\Local\Programs\Python\Python39\Scripts\;C:\Users\edgar\AppData\Local\Programs\Python\Python39\;C:\Users\edgar\AppData\Local\Microsoft\WindowsApps;C:\Users\edgar\AppData\Local\Programs\Microsoft VS Code\bin;C:\Users\edgar\.dotnet\tools;C:\Users\edgar\AppData\Roaming\npm;C:\Users\edgar\AppData\Roaming\Composer\vendor\bin;C:\Users\edgar\AppData\Local\GitHubDesktop\bin;C:\Users\edgar\AppData\Local\Programs\cursor\resources\app\bin
    [SystemRoot] => C:\Windows
    [COMSPEC] => C:\Windows\system32\cmd.exe
    [PATHEXT] => .COM;.EXE;.BAT;.CMD;.VBS;.VBE;.JS;.JSE;.WSF;.WSH;.MSC
    [WINDIR] => C:\Windows
    [SERVER_SIGNATURE] => <address>Apache/2.4.58 (Win64) OpenSSL/3.1.3 PHP/8.2.12 Server at localhost Port 80</address>

    [SERVER_SOFTWARE] => Apache/2.4.58 (Win64) OpenSSL/3.1.3 PHP/8.2.12
    [SERVER_NAME] => localhost
    [SERVER_ADDR] => ::1
    [SERVER_PORT] => 80
    [REMOTE_ADDR] => ::1
    [DOCUMENT_ROOT] => C:/xampp/htdocs
    [REQUEST_SCHEME] => http
    [CONTEXT_PREFIX] => 
    [CONTEXT_DOCUMENT_ROOT] => C:/xampp/htdocs
    [SERVER_ADMIN] => postmaster@localhost
    [SCRIPT_FILENAME] => C:/xampp/htdocs/Stash/api/users.php
    [REMOTE_PORT] => 49709
    [GATEWAY_INTERFACE] => CGI/1.1
    [SERVER_PROTOCOL] => HTTP/1.1
    [REQUEST_METHOD] => GET
    [QUERY_STRING] => id=15
    [REQUEST_URI] => /Stash/api/users.php?id=15
    [SCRIPT_NAME] => /Stash/api/users.php
    [PHP_SELF] => /Stash/api/users.php
    [REQUEST_TIME_FLOAT] => 1749715877.102
    [REQUEST_TIME] => 1749715877
)


Method received: GET
GET parameters:\nArray
(
    [id] => 16
)

Server variables:\nArray
(
    [MIBDIRS] => C:/xampp/php/extras/mibs
    [MYSQL_HOME] => \xampp\mysql\bin
    [OPENSSL_CONF] => C:/xampp/apache/bin/openssl.cnf
    [PHP_PEAR_SYSCONF_DIR] => \xampp\php
    [PHPRC] => \xampp\php
    [TMP] => \xampp\tmp
    [HTTP_HOST] => localhost
    [HTTP_CONNECTION] => keep-alive
    [HTTP_SEC_CH_UA_PLATFORM] => "Windows"
    [HTTP_USER_AGENT] => Mozilla/5.0 (Windows NT 10.0; Win64; x64) AppleWebKit/537.36 (KHTML, like Gecko) Chrome/137.0.0.0 Safari/537.36
    [HTTP_SEC_CH_UA] => "Brave";v="137", "Chromium";v="137", "Not/A)Brand";v="24"
    [HTTP_SEC_CH_UA_MOBILE] => ?0
    [HTTP_ACCEPT] => */*
    [HTTP_SEC_GPC] => 1
    [HTTP_ACCEPT_LANGUAGE] => en-US,en;q=0.7
    [HTTP_SEC_FETCH_SITE] => same-origin
    [HTTP_SEC_FETCH_MODE] => cors
    [HTTP_SEC_FETCH_DEST] => empty
    [HTTP_REFERER] => http://localhost/Stash/RandomNoliktava.html
    [HTTP_ACCEPT_ENCODING] => gzip, deflate, br, zstd
    [HTTP_COOKIE] => PHPSESSID=2setq3kamu9el8trdr0uo4k7an
    [PATH] => C:\Program Files (x86)\Common Files\Oracle\Java\javapath;C:\ProgramData\Oracle\Java\javapath;C:\Windows\system32;C:\Windows;C:\Windows\System32\Wbem;C:\Windows\System32\WindowsPowerShell\v1.0\;C:\Windows\System32\OpenSSH\;C:\Program Files\dotnet\;C:\Program Files (x86)\NVIDIA Corporation\PhysX\Common;C:\Program Files\NVIDIA Corporation\NVIDIA NvDLISR;C:\Program Files\nodejs\;C:\Program Files\php-8.3.3;C:\ProgramData\ComposerSetup\bin;C:\Program Files\Git\cmd;c:\Users\edgar\AppData\Local\Programs\cursor\resources\app\bin;C:\Program Files\MySQL\MySQL Shell 8.0\bin\;C:\Users\edgar\AppData\Local\Programs\Python\Python39\Scripts\;C:\Users\edgar\AppData\Local\Programs\Python\Python39\;C:\Users\edgar\AppData\Local\Microsoft\WindowsApps;C:\Users\edgar\AppData\Local\Programs\Microsoft VS Code\bin;C:\Users\edgar\.dotnet\tools;C:\Users\edgar\AppData\Roaming\npm;C:\Users\edgar\AppData\Roaming\Composer\vendor\bin;C:\Users\edgar\AppData\Local\GitHubDesktop\bin;C:\Users\edgar\AppData\Local\Programs\cursor\resources\app\bin
    [SystemRoot] => C:\Windows
    [COMSPEC] => C:\Windows\system32\cmd.exe
    [PATHEXT] => .COM;.EXE;.BAT;.CMD;.VBS;.VBE;.JS;.JSE;.WSF;.WSH;.MSC
    [WINDIR] => C:\Windows
    [SERVER_SIGNATURE] => <address>Apache/2.4.58 (Win64) OpenSSL/3.1.3 PHP/8.2.12 Server at localhost Port 80</address>

    [SERVER_SOFTWARE] => Apache/2.4.58 (Win64) OpenSSL/3.1.3 PHP/8.2.12
    [SERVER_NAME] => localhost
    [SERVER_ADDR] => ::1
    [SERVER_PORT] => 80
    [REMOTE_ADDR] => ::1
    [DOCUMENT_ROOT] => C:/xampp/htdocs
    [REQUEST_SCHEME] => http
    [CONTEXT_PREFIX] => 
    [CONTEXT_DOCUMENT_ROOT] => C:/xampp/htdocs
    [SERVER_ADMIN] => postmaster@localhost
    [SCRIPT_FILENAME] => C:/xampp/htdocs/Stash/api/users.php
    [REMOTE_PORT] => 49815
    [GATEWAY_INTERFACE] => CGI/1.1
    [SERVER_PROTOCOL] => HTTP/1.1
    [REQUEST_METHOD] => GET
    [QUERY_STRING] => id=16
    [REQUEST_URI] => /Stash/api/users.php?id=16
    [SCRIPT_NAME] => /Stash/api/users.php
    [PHP_SELF] => /Stash/api/users.php
    [REQUEST_TIME_FLOAT] => 1749716175.2434
    [REQUEST_TIME] => 1749716175
)


Method received: GET
GET parameters:\nArray
(
    [id] => 17
)

Server variables:\nArray
(
    [MIBDIRS] => C:/xampp/php/extras/mibs
    [MYSQL_HOME] => \xampp\mysql\bin
    [OPENSSL_CONF] => C:/xampp/apache/bin/openssl.cnf
    [PHP_PEAR_SYSCONF_DIR] => \xampp\php
    [PHPRC] => \xampp\php
    [TMP] => \xampp\tmp
    [HTTP_HOST] => localhost
    [HTTP_CONNECTION] => keep-alive
    [HTTP_SEC_CH_UA_PLATFORM] => "Windows"
    [HTTP_USER_AGENT] => Mozilla/5.0 (Windows NT 10.0; Win64; x64) AppleWebKit/537.36 (KHTML, like Gecko) Chrome/137.0.0.0 Safari/537.36
    [HTTP_SEC_CH_UA] => "Brave";v="137", "Chromium";v="137", "Not/A)Brand";v="24"
    [HTTP_SEC_CH_UA_MOBILE] => ?0
    [HTTP_ACCEPT] => */*
    [HTTP_SEC_GPC] => 1
    [HTTP_ACCEPT_LANGUAGE] => en-US,en;q=0.7
    [HTTP_SEC_FETCH_SITE] => same-origin
    [HTTP_SEC_FETCH_MODE] => cors
    [HTTP_SEC_FETCH_DEST] => empty
    [HTTP_REFERER] => http://localhost/Stash/RandomNoliktava.html
    [HTTP_ACCEPT_ENCODING] => gzip, deflate, br, zstd
    [HTTP_COOKIE] => PHPSESSID=2setq3kamu9el8trdr0uo4k7an
    [PATH] => C:\Program Files (x86)\Common Files\Oracle\Java\javapath;C:\ProgramData\Oracle\Java\javapath;C:\Windows\system32;C:\Windows;C:\Windows\System32\Wbem;C:\Windows\System32\WindowsPowerShell\v1.0\;C:\Windows\System32\OpenSSH\;C:\Program Files\dotnet\;C:\Program Files (x86)\NVIDIA Corporation\PhysX\Common;C:\Program Files\NVIDIA Corporation\NVIDIA NvDLISR;C:\Program Files\nodejs\;C:\Program Files\php-8.3.3;C:\ProgramData\ComposerSetup\bin;C:\Program Files\Git\cmd;c:\Users\edgar\AppData\Local\Programs\cursor\resources\app\bin;C:\Program Files\MySQL\MySQL Shell 8.0\bin\;C:\Users\edgar\AppData\Local\Programs\Python\Python39\Scripts\;C:\Users\edgar\AppData\Local\Programs\Python\Python39\;C:\Users\edgar\AppData\Local\Microsoft\WindowsApps;C:\Users\edgar\AppData\Local\Programs\Microsoft VS Code\bin;C:\Users\edgar\.dotnet\tools;C:\Users\edgar\AppData\Roaming\npm;C:\Users\edgar\AppData\Roaming\Composer\vendor\bin;C:\Users\edgar\AppData\Local\GitHubDesktop\bin;C:\Users\edgar\AppData\Local\Programs\cursor\resources\app\bin
    [SystemRoot] => C:\Windows
    [COMSPEC] => C:\Windows\system32\cmd.exe
    [PATHEXT] => .COM;.EXE;.BAT;.CMD;.VBS;.VBE;.JS;.JSE;.WSF;.WSH;.MSC
    [WINDIR] => C:\Windows
    [SERVER_SIGNATURE] => <address>Apache/2.4.58 (Win64) OpenSSL/3.1.3 PHP/8.2.12 Server at localhost Port 80</address>

    [SERVER_SOFTWARE] => Apache/2.4.58 (Win64) OpenSSL/3.1.3 PHP/8.2.12
    [SERVER_NAME] => localhost
    [SERVER_ADDR] => ::1
    [SERVER_PORT] => 80
    [REMOTE_ADDR] => ::1
    [DOCUMENT_ROOT] => C:/xampp/htdocs
    [REQUEST_SCHEME] => http
    [CONTEXT_PREFIX] => 
    [CONTEXT_DOCUMENT_ROOT] => C:/xampp/htdocs
    [SERVER_ADMIN] => postmaster@localhost
    [SCRIPT_FILENAME] => C:/xampp/htdocs/Stash/api/users.php
    [REMOTE_PORT] => 49979
    [GATEWAY_INTERFACE] => CGI/1.1
    [SERVER_PROTOCOL] => HTTP/1.1
    [REQUEST_METHOD] => GET
    [QUERY_STRING] => id=17
    [REQUEST_URI] => /Stash/api/users.php?id=17
    [SCRIPT_NAME] => /Stash/api/users.php
    [PHP_SELF] => /Stash/api/users.php
    [REQUEST_TIME_FLOAT] => 1749716502.7391
    [REQUEST_TIME] => 1749716502
)


